# JRE version: OpenJDK Runtime Environment Temurin-17.0.4+8 (17.0.4+8) (build 17.0.4+8)
# Java VM: OpenJDK 64-Bit Server VM Temurin-17.0.4+8 (17.0.4+8, mixed mode, tiered, compressed oops, compressed class ptrs, g1 gc, windows-amd64)
GC Precious Log:
 CPUs: 12 total, 12 available
 Memory: 16334M
 Large Page Support: Disabled
 NUMA Support: Disabled
 Compressed Oops: Enabled (Zero based)
 Heap Region Size: 2M
 Heap Min Capacity: 8M
 Heap Initial Capacity: 256M
 Heap Max Capacity: 4084M
 Pre-touch: Disabled
 Parallel Workers: 10
 Concurrent Workers: 3
 Concurrent Refinement Workers: 10
 Periodic GC: Disabled
Heap:
 garbage-first heap   total 90112K, used 29904K [0x0000000700c00000, 0x0000000800000000)
  region size 2048K, 6 young (12288K), 1 survivors (2048K)
 Metaspace       used 32619K, committed 32832K, reserved 1081344K
  class space    used 3395K, committed 3520K, reserved 1048576K
GC Heap History (20 events):
Event: 1.452 GC heap before
{Heap before GC invocations=0 (full 0):
 garbage-first heap   total 262144K, used 20480K [0x0000000700c00000, 0x0000000800000000)
  region size 2048K, 11 young (22528K), 0 survivors (0K)
 Metaspace       used 21349K, committed 21504K, reserved 1073152K
  class space    used 2204K, committed 2304K, reserved 1048576K
}
Event: 1.456 GC heap after
{Heap after GC invocations=1 (full 0):
 garbage-first heap   total 262144K, used 8033K [0x0000000700c00000, 0x0000000800000000)
  region size 2048K, 2 young (4096K), 2 survivors (4096K)
 Metaspace       used 21349K, committed 21504K, reserved 1073152K
  class space    used 2204K, committed 2304K, reserved 1048576K
}
Event: 3.222 GC heap before
{Heap before GC invocations=2 (full 0):
 garbage-first heap   total 34816K, used 16225K [0x0000000700c00000, 0x0000000800000000)
  region size 2048K, 6 young (12288K), 2 survivors (4096K)
 Metaspace       used 24020K, committed 24256K, reserved 1073152K
  class space    used 2456K, committed 2560K, reserved 1048576K
}
Event: 3.224 GC heap after
{Heap after GC invocations=3 (full 0):
 garbage-first heap   total 34816K, used 9274K [0x0000000700c00000, 0x0000000800000000)
  region size 2048K, 1 young (2048K), 1 survivors (2048K)
 Metaspace       used 24020K, committed 24256K, reserved 1073152K
  class space    used 2456K, committed 2560K, reserved 1048576K
}
Event: 3.298 GC heap before
{Heap before GC invocations=3 (full 0):
 garbage-first heap   total 34816K, used 17466K [0x0000000700c00000, 0x0000000800000000)
  region size 2048K, 5 young (10240K), 1 survivors (2048K)
 Metaspace       used 26116K, committed 26368K, reserved 1073152K
  class space    used 2697K, committed 2816K, reserved 1048576K
}
Event: 3.299 GC heap after
{Heap after GC invocations=4 (full 0):
 garbage-first heap   total 34816K, used 9244K [0x0000000700c00000, 0x0000000800000000)
  region size 2048K, 1 young (2048K), 1 survivors (2048K)
 Metaspace       used 26116K, committed 26368K, reserved 1073152K
  class space    used 2697K, committed 2816K, reserved 1048576K
}
Event: 3.359 GC heap before
{Heap before GC invocations=4 (full 0):
 garbage-first heap   total 34816K, used 19484K [0x0000000700c00000, 0x0000000800000000)
  region size 2048K, 6 young (12288K), 1 survivors (2048K)
 Metaspace       used 26399K, committed 26560K, reserved 1073152K
  class space    used 2714K, committed 2816K, reserved 1048576K
}
Event: 3.363 GC heap after
{Heap after GC invocations=5 (full 0):
 garbage-first heap   total 34816K, used 16748K [0x0000000700c00000, 0x0000000800000000)
  region size 2048K, 1 young (2048K), 1 survivors (2048K)
 Metaspace       used 26399K, committed 26560K, reserved 1073152K
  class space    used 2714K, committed 2816K, reserved 1048576K
}
Event: 3.376 GC heap before
{Heap before GC invocations=5 (full 0):
 garbage-first heap   total 34816K, used 20844K [0x0000000700c00000, 0x0000000800000000)
  region size 2048K, 3 young (6144K), 1 survivors (2048K)
 Metaspace       used 26399K, committed 26560K, reserved 1073152K
  class space    used 2714K, committed 2816K, reserved 1048576K
}
Event: 3.379 GC heap after
{Heap after GC invocations=6 (full 0):
 garbage-first heap   total 34816K, used 20321K [0x0000000700c00000, 0x0000000800000000)
  region size 2048K, 1 young (2048K), 1 survivors (2048K)
 Metaspace       used 26399K, committed 26560K, reserved 1073152K
  class space    used 2714K, committed 2816K, reserved 1048576K
}
Event: 3.397 GC heap before
{Heap before GC invocations=7 (full 0):
 garbage-first heap   total 38912K, used 22369K [0x0000000700c00000, 0x0000000800000000)
  region size 2048K, 2 young (4096K), 1 survivors (2048K)
 Metaspace       used 26638K, committed 26816K, reserved 1073152K
  class space    used 2738K, committed 2816K, reserved 1048576K
}
Event: 3.399 GC heap after
{Heap after GC invocations=8 (full 0):
 garbage-first heap   total 38912K, used 21860K [0x0000000700c00000, 0x0000000800000000)
  region size 2048K, 1 young (2048K), 1 survivors (2048K)
 Metaspace       used 26638K, committed 26816K, reserved 1073152K
  class space    used 2738K, committed 2816K, reserved 1048576K
}
Event: 3.426 GC heap before
{Heap before GC invocations=8 (full 0):
 garbage-first heap   total 38912K, used 23908K [0x0000000700c00000, 0x0000000800000000)
  region size 2048K, 2 young (4096K), 1 survivors (2048K)
 Metaspace       used 27350K, committed 27520K, reserved 1081344K
  class space    used 2828K, committed 2880K, reserved 1048576K
}
Event: 3.427 GC heap after
{Heap after GC invocations=9 (full 0):
 garbage-first heap   total 38912K, used 21809K [0x0000000700c00000, 0x0000000800000000)
  region size 2048K, 1 young (2048K), 1 survivors (2048K)
 Metaspace       used 27350K, committed 27520K, reserved 1081344K
  class space    used 2828K, committed 2880K, reserved 1048576K
}
Event: 3.451 GC heap before
{Heap before GC invocations=10 (full 0):
 garbage-first heap   total 45056K, used 21809K [0x0000000700c00000, 0x0000000800000000)
  region size 2048K, 2 young (4096K), 1 survivors (2048K)
 Metaspace       used 27969K, committed 28160K, reserved 1081344K
  class space    used 2889K, committed 2944K, reserved 1048576K
}
Event: 3.451 GC heap after
{Heap after GC invocations=11 (full 0):
 garbage-first heap   total 45056K, used 21773K [0x0000000700c00000, 0x0000000800000000)
  region size 2048K, 1 young (2048K), 1 survivors (2048K)
 Metaspace       used 27969K, committed 28160K, reserved 1081344K
  class space    used 2889K, committed 2944K, reserved 1048576K
}
Event: 3.473 GC heap before
{Heap before GC invocations=11 (full 0):
 garbage-first heap   total 45056K, used 23821K [0x0000000700c00000, 0x0000000800000000)
  region size 2048K, 2 young (4096K), 1 survivors (2048K)
 Metaspace       used 28675K, committed 28864K, reserved 1081344K
  class space    used 2949K, committed 3008K, reserved 1048576K
}
Event: 3.474 GC heap after
{Heap after GC invocations=12 (full 0):
 garbage-first heap   total 45056K, used 21331K [0x0000000700c00000, 0x0000000800000000)
  region size 2048K, 1 young (2048K), 1 survivors (2048K)
 Metaspace       used 28675K, committed 28864K, reserved 1081344K
  class space    used 2949K, committed 3008K, reserved 1048576K
}
Event: 3.566 GC heap before
{Heap before GC invocations=12 (full 0):
 garbage-first heap   total 45056K, used 27475K [0x0000000700c00000, 0x0000000800000000)
  region size 2048K, 4 young (8192K), 1 survivors (2048K)
 Metaspace       used 30709K, committed 30912K, reserved 1081344K
  class space    used 3207K, committed 3328K, reserved 1048576K
}
Event: 3.567 GC heap after
{Heap after GC invocations=13 (full 0):
 garbage-first heap   total 153600K, used 21712K [0x0000000700c00000, 0x0000000800000000)
  region size 2048K, 1 young (2048K), 1 survivors (2048K)
 Metaspace       used 30709K, committed 30912K, reserved 1081344K
  class space    used 3207K, committed 3328K, reserved 1048576K
}

