# JRE version: OpenJDK Runtime Environment Temurin-17.0.4+8 (17.0.4+8) (build 17.0.4+8)
# Java VM: OpenJDK 64-Bit Server VM Temurin-17.0.4+8 (17.0.4+8, mixed mode, tiered, compressed oops, compressed class ptrs, g1 gc, windows-amd64)
GC Precious Log:
 CPUs: 12 total, 12 available
 Memory: 16334M
 Large Page Support: Disabled
 NUMA Support: Disabled
 Compressed Oops: Enabled (Zero based)
 Heap Region Size: 2M
 Heap Min Capacity: 8M
 Heap Initial Capacity: 256M
 Heap Max Capacity: 4084M
 Pre-touch: Disabled
 Parallel Workers: 10
 Concurrent Workers: 3
 Concurrent Refinement Workers: 10
 Periodic GC: Disabled
Heap:
 garbage-first heap   total 90112K, used 30611K [0x0000000700c00000, 0x0000000800000000)
  region size 2048K, 6 young (12288K), 1 survivors (2048K)
 Metaspace       used 32665K, committed 32896K, reserved 1081344K
  class space    used 3396K, committed 3520K, reserved 1048576K
GC Heap History (20 events):
Event: 1.755 GC heap before
{Heap before GC invocations=0 (full 0):
 garbage-first heap   total 262144K, used 20480K [0x0000000700c00000, 0x0000000800000000)
  region size 2048K, 11 young (22528K), 0 survivors (0K)
 Metaspace       used 21346K, committed 21504K, reserved 1073152K
  class space    used 2197K, committed 2304K, reserved 1048576K
}
Event: 1.759 GC heap after
{Heap after GC invocations=1 (full 0):
 garbage-first heap   total 262144K, used 8022K [0x0000000700c00000, 0x0000000800000000)
  region size 2048K, 2 young (4096K), 2 survivors (4096K)
 Metaspace       used 21346K, committed 21504K, reserved 1073152K
  class space    used 2197K, committed 2304K, reserved 1048576K
}
Event: 3.433 GC heap before
{Heap before GC invocations=2 (full 0):
 garbage-first heap   total 34816K, used 14166K [0x0000000700c00000, 0x0000000800000000)
  region size 2048K, 5 young (10240K), 2 survivors (4096K)
 Metaspace       used 23268K, committed 23488K, reserved 1073152K
  class space    used 2390K, committed 2496K, reserved 1048576K
}
Event: 3.436 GC heap after
{Heap after GC invocations=3 (full 0):
 garbage-first heap   total 34816K, used 8940K [0x0000000700c00000, 0x0000000800000000)
  region size 2048K, 1 young (2048K), 1 survivors (2048K)
 Metaspace       used 23268K, committed 23488K, reserved 1073152K
  class space    used 2390K, committed 2496K, reserved 1048576K
}
Event: 3.516 GC heap before
{Heap before GC invocations=3 (full 0):
 garbage-first heap   total 34816K, used 17132K [0x0000000700c00000, 0x0000000800000000)
  region size 2048K, 5 young (10240K), 1 survivors (2048K)
 Metaspace       used 25581K, committed 25792K, reserved 1073152K
  class space    used 2629K, committed 2752K, reserved 1048576K
}
Event: 3.516 GC heap after
{Heap after GC invocations=4 (full 0):
 garbage-first heap   total 34816K, used 9205K [0x0000000700c00000, 0x0000000800000000)
  region size 2048K, 1 young (2048K), 1 survivors (2048K)
 Metaspace       used 25581K, committed 25792K, reserved 1073152K
  class space    used 2629K, committed 2752K, reserved 1048576K
}
Event: 3.592 GC heap before
{Heap before GC invocations=4 (full 0):
 garbage-first heap   total 34816K, used 19445K [0x0000000700c00000, 0x0000000800000000)
  region size 2048K, 6 young (12288K), 1 survivors (2048K)
 Metaspace       used 26420K, committed 26624K, reserved 1073152K
  class space    used 2713K, committed 2816K, reserved 1048576K
}
Event: 3.595 GC heap after
{Heap after GC invocations=5 (full 0):
 garbage-first heap   total 34816K, used 15199K [0x0000000700c00000, 0x0000000800000000)
  region size 2048K, 1 young (2048K), 1 survivors (2048K)
 Metaspace       used 26420K, committed 26624K, reserved 1073152K
  class space    used 2713K, committed 2816K, reserved 1048576K
}
Event: 3.607 GC heap before
{Heap before GC invocations=5 (full 0):
 garbage-first heap   total 34816K, used 19295K [0x0000000700c00000, 0x0000000800000000)
  region size 2048K, 3 young (6144K), 1 survivors (2048K)
 Metaspace       used 26421K, committed 26624K, reserved 1073152K
  class space    used 2713K, committed 2816K, reserved 1048576K
}
Event: 3.610 GC heap after
{Heap after GC invocations=6 (full 0):
 garbage-first heap   total 34816K, used 18995K [0x0000000700c00000, 0x0000000800000000)
  region size 2048K, 1 young (2048K), 1 survivors (2048K)
 Metaspace       used 26421K, committed 26624K, reserved 1073152K
  class space    used 2713K, committed 2816K, reserved 1048576K
}
Event: 3.617 GC heap before
{Heap before GC invocations=6 (full 0):
 garbage-first heap   total 34816K, used 21043K [0x0000000700c00000, 0x0000000800000000)
  region size 2048K, 2 young (4096K), 1 survivors (2048K)
 Metaspace       used 26421K, committed 26624K, reserved 1073152K
  class space    used 2713K, committed 2816K, reserved 1048576K
}
Event: 3.619 GC heap after
{Heap after GC invocations=7 (full 0):
 garbage-first heap   total 34816K, used 21075K [0x0000000700c00000, 0x0000000800000000)
  region size 2048K, 1 young (2048K), 1 survivors (2048K)
 Metaspace       used 26421K, committed 26624K, reserved 1073152K
  class space    used 2713K, committed 2816K, reserved 1048576K
}
Event: 3.638 GC heap before
{Heap before GC invocations=8 (full 0):
 garbage-first heap   total 40960K, used 23123K [0x0000000700c00000, 0x0000000800000000)
  region size 2048K, 2 young (4096K), 1 survivors (2048K)
 Metaspace       used 26655K, committed 26816K, reserved 1073152K
  class space    used 2737K, committed 2816K, reserved 1048576K
}
Event: 3.640 GC heap after
{Heap after GC invocations=9 (full 0):
 garbage-first heap   total 40960K, used 22092K [0x0000000700c00000, 0x0000000800000000)
  region size 2048K, 1 young (2048K), 1 survivors (2048K)
 Metaspace       used 26655K, committed 26816K, reserved 1073152K
  class space    used 2737K, committed 2816K, reserved 1048576K
}
Event: 3.670 GC heap before
{Heap before GC invocations=9 (full 0):
 garbage-first heap   total 40960K, used 24140K [0x0000000700c00000, 0x0000000800000000)
  region size 2048K, 2 young (4096K), 1 survivors (2048K)
 Metaspace       used 27370K, committed 27520K, reserved 1081344K
  class space    used 2827K, committed 2880K, reserved 1048576K
}
Event: 3.670 GC heap after
{Heap after GC invocations=10 (full 0):
 garbage-first heap   total 40960K, used 22053K [0x0000000700c00000, 0x0000000800000000)
  region size 2048K, 1 young (2048K), 1 survivors (2048K)
 Metaspace       used 27370K, committed 27520K, reserved 1081344K
  class space    used 2827K, committed 2880K, reserved 1048576K
}
Event: 3.713 GC heap before
{Heap before GC invocations=11 (full 0):
 garbage-first heap   total 45056K, used 26149K [0x0000000700c00000, 0x0000000800000000)
  region size 2048K, 3 young (6144K), 1 survivors (2048K)
 Metaspace       used 28704K, committed 28864K, reserved 1081344K
  class space    used 2951K, committed 3008K, reserved 1048576K
}
Event: 3.713 GC heap after
{Heap after GC invocations=12 (full 0):
 garbage-first heap   total 45056K, used 22048K [0x0000000700c00000, 0x0000000800000000)
  region size 2048K, 1 young (2048K), 1 survivors (2048K)
 Metaspace       used 28704K, committed 28864K, reserved 1081344K
  class space    used 2951K, committed 3008K, reserved 1048576K
}
Event: 3.791 GC heap before
{Heap before GC invocations=12 (full 0):
 garbage-first heap   total 45056K, used 28192K [0x0000000700c00000, 0x0000000800000000)
  region size 2048K, 4 young (8192K), 1 survivors (2048K)
 Metaspace       used 30668K, committed 30848K, reserved 1081344K
  class space    used 3200K, committed 3264K, reserved 1048576K
}
Event: 3.793 GC heap after
{Heap after GC invocations=13 (full 0):
 garbage-first heap   total 153600K, used 22419K [0x0000000700c00000, 0x0000000800000000)
  region size 2048K, 1 young (2048K), 1 survivors (2048K)
 Metaspace       used 30668K, committed 30848K, reserved 1081344K
  class space    used 3200K, committed 3264K, reserved 1048576K
}

