# JRE version: OpenJDK Runtime Environment Temurin-17.0.4+8 (17.0.4+8) (build 17.0.4+8)
# Java VM: OpenJDK 64-Bit Server VM Temurin-17.0.4+8 (17.0.4+8, mixed mode, tiered, compressed oops, compressed class ptrs, g1 gc, windows-amd64)
GC Precious Log:
 CPUs: 12 total, 12 available
 Memory: 16334M
 Large Page Support: Disabled
 NUMA Support: Disabled
 Compressed Oops: Enabled (Zero based)
 Heap Region Size: 2M
 Heap Min Capacity: 8M
 Heap Initial Capacity: 256M
 Heap Max Capacity: 4084M
 Pre-touch: Disabled
 Parallel Workers: 10
 Concurrent Workers: 3
 Concurrent Refinement Workers: 10
 Periodic GC: Disabled
Heap:
 garbage-first heap   total 153600K, used 35767K [0x0000000700c00000, 0x0000000800000000)
  region size 2048K, 9 young (18432K), 1 survivors (2048K)
 Metaspace       used 32645K, committed 32896K, reserved 1081344K
  class space    used 3395K, committed 3520K, reserved 1048576K
GC Heap History (18 events):
Event: 1.666 GC heap before
{Heap before GC invocations=0 (full 0):
 garbage-first heap   total 262144K, used 20480K [0x0000000700c00000, 0x0000000800000000)
  region size 2048K, 11 young (22528K), 0 survivors (0K)
 Metaspace       used 21352K, committed 21504K, reserved 1073152K
  class space    used 2203K, committed 2304K, reserved 1048576K
}
Event: 1.670 GC heap after
{Heap after GC invocations=1 (full 0):
 garbage-first heap   total 262144K, used 7967K [0x0000000700c00000, 0x0000000800000000)
  region size 2048K, 2 young (4096K), 2 survivors (4096K)
 Metaspace       used 21352K, committed 21504K, reserved 1073152K
  class space    used 2203K, committed 2304K, reserved 1048576K
}
Event: 3.334 GC heap before
{Heap before GC invocations=2 (full 0):
 garbage-first heap   total 34816K, used 16159K [0x0000000700c00000, 0x0000000800000000)
  region size 2048K, 6 young (12288K), 2 survivors (4096K)
 Metaspace       used 23814K, committed 24000K, reserved 1073152K
  class space    used 2442K, committed 2560K, reserved 1048576K
}
Event: 3.337 GC heap after
{Heap after GC invocations=3 (full 0):
 garbage-first heap   total 34816K, used 9013K [0x0000000700c00000, 0x0000000800000000)
  region size 2048K, 1 young (2048K), 1 survivors (2048K)
 Metaspace       used 23814K, committed 24000K, reserved 1073152K
  class space    used 2442K, committed 2560K, reserved 1048576K
}
Event: 3.407 GC heap before
{Heap before GC invocations=3 (full 0):
 garbage-first heap   total 34816K, used 15157K [0x0000000700c00000, 0x0000000800000000)
  region size 2048K, 5 young (10240K), 1 survivors (2048K)
 Metaspace       used 25895K, committed 26176K, reserved 1073152K
  class space    used 2683K, committed 2816K, reserved 1048576K
}
Event: 3.408 GC heap after
{Heap after GC invocations=4 (full 0):
 garbage-first heap   total 34816K, used 9091K [0x0000000700c00000, 0x0000000800000000)
  region size 2048K, 1 young (2048K), 1 survivors (2048K)
 Metaspace       used 25895K, committed 26176K, reserved 1073152K
  class space    used 2683K, committed 2816K, reserved 1048576K
}
Event: 3.474 GC heap before
{Heap before GC invocations=4 (full 0):
 garbage-first heap   total 34816K, used 19331K [0x0000000700c00000, 0x0000000800000000)
  region size 2048K, 6 young (12288K), 1 survivors (2048K)
 Metaspace       used 26365K, committed 26560K, reserved 1081344K
  class space    used 2713K, committed 2816K, reserved 1048576K
}
Event: 3.478 GC heap after
{Heap after GC invocations=5 (full 0):
 garbage-first heap   total 34816K, used 16179K [0x0000000700c00000, 0x0000000800000000)
  region size 2048K, 1 young (2048K), 1 survivors (2048K)
 Metaspace       used 26365K, committed 26560K, reserved 1081344K
  class space    used 2713K, committed 2816K, reserved 1048576K
}
Event: 3.491 GC heap before
{Heap before GC invocations=5 (full 0):
 garbage-first heap   total 34816K, used 20275K [0x0000000700c00000, 0x0000000800000000)
  region size 2048K, 3 young (6144K), 1 survivors (2048K)
 Metaspace       used 26365K, committed 26560K, reserved 1081344K
  class space    used 2713K, committed 2816K, reserved 1048576K
}
Event: 3.494 GC heap after
{Heap after GC invocations=6 (full 0):
 garbage-first heap   total 34816K, used 20041K [0x0000000700c00000, 0x0000000800000000)
  region size 2048K, 1 young (2048K), 1 survivors (2048K)
 Metaspace       used 26365K, committed 26560K, reserved 1081344K
  class space    used 2713K, committed 2816K, reserved 1048576K
}
Event: 3.510 GC heap before
{Heap before GC invocations=7 (full 0):
 garbage-first heap   total 38912K, used 20041K [0x0000000700c00000, 0x0000000800000000)
  region size 2048K, 2 young (4096K), 1 survivors (2048K)
 Metaspace       used 26461K, committed 26688K, reserved 1081344K
  class space    used 2719K, committed 2816K, reserved 1048576K
}
Event: 3.512 GC heap after
{Heap after GC invocations=8 (full 0):
 garbage-first heap   total 38912K, used 21943K [0x0000000700c00000, 0x0000000800000000)
  region size 2048K, 1 young (2048K), 1 survivors (2048K)
 Metaspace       used 26461K, committed 26688K, reserved 1081344K
  class space    used 2719K, committed 2816K, reserved 1048576K
}
Event: 3.542 GC heap before
{Heap before GC invocations=8 (full 0):
 garbage-first heap   total 38912K, used 23991K [0x0000000700c00000, 0x0000000800000000)
  region size 2048K, 2 young (4096K), 1 survivors (2048K)
 Metaspace       used 27195K, committed 27392K, reserved 1081344K
  class space    used 2812K, committed 2880K, reserved 1048576K
}
Event: 3.543 GC heap after
{Heap after GC invocations=9 (full 0):
 garbage-first heap   total 38912K, used 22126K [0x0000000700c00000, 0x0000000800000000)
  region size 2048K, 1 young (2048K), 1 survivors (2048K)
 Metaspace       used 27195K, committed 27392K, reserved 1081344K
  class space    used 2812K, committed 2880K, reserved 1048576K
}
Event: 3.571 GC heap before
{Heap before GC invocations=10 (full 0):
 garbage-first heap   total 45056K, used 24174K [0x0000000700c00000, 0x0000000800000000)
  region size 2048K, 2 young (4096K), 1 survivors (2048K)
 Metaspace       used 27817K, committed 27968K, reserved 1081344K
  class space    used 2879K, committed 2944K, reserved 1048576K
}
Event: 3.571 GC heap after
{Heap after GC invocations=11 (full 0):
 garbage-first heap   total 45056K, used 22061K [0x0000000700c00000, 0x0000000800000000)
  region size 2048K, 1 young (2048K), 1 survivors (2048K)
 Metaspace       used 27817K, committed 27968K, reserved 1081344K
  class space    used 2879K, committed 2944K, reserved 1048576K
}
Event: 3.588 GC heap before
{Heap before GC invocations=11 (full 0):
 garbage-first heap   total 45056K, used 24109K [0x0000000700c00000, 0x0000000800000000)
  region size 2048K, 2 young (4096K), 1 survivors (2048K)
 Metaspace       used 28481K, committed 28672K, reserved 1081344K
  class space    used 2933K, committed 3008K, reserved 1048576K
}
Event: 3.589 GC heap after
{Heap after GC invocations=12 (full 0):
 garbage-first heap   total 153600K, used 21431K [0x0000000700c00000, 0x0000000800000000)
  region size 2048K, 1 young (2048K), 1 survivors (2048K)
 Metaspace       used 28481K, committed 28672K, reserved 1081344K
  class space    used 2933K, committed 3008K, reserved 1048576K
}

