# JRE version: OpenJDK Runtime Environment Temurin-17.0.4+8 (17.0.4+8) (build 17.0.4+8)
# Java VM: OpenJDK 64-Bit Server VM Temurin-17.0.4+8 (17.0.4+8, mixed mode, tiered, compressed oops, compressed class ptrs, g1 gc, windows-amd64)
GC Precious Log:
 CPUs: 12 total, 12 available
 Memory: 16334M
 Large Page Support: Disabled
 NUMA Support: Disabled
 Compressed Oops: Enabled (Zero based)
 Heap Region Size: 2M
 Heap Min Capacity: 8M
 Heap Initial Capacity: 256M
 Heap Max Capacity: 4084M
 Pre-touch: Disabled
 Parallel Workers: 10
 Concurrent Workers: 3
 Concurrent Refinement Workers: 10
 Periodic GC: Disabled
Heap:
 garbage-first heap   total 151552K, used 21838K [0x0000000700c00000, 0x0000000800000000)
  region size 2048K, 7 young (14336K), 1 survivors (2048K)
 Metaspace       used 32610K, committed 32832K, reserved 1081344K
  class space    used 3396K, committed 3520K, reserved 1048576K
GC Heap History (18 events):
Event: 1.827 GC heap before
{Heap before GC invocations=0 (full 0):
 garbage-first heap   total 262144K, used 20480K [0x0000000700c00000, 0x0000000800000000)
  region size 2048K, 11 young (22528K), 0 survivors (0K)
 Metaspace       used 21350K, committed 21504K, reserved 1073152K
  class space    used 2202K, committed 2304K, reserved 1048576K
}
Event: 1.831 GC heap after
{Heap after GC invocations=1 (full 0):
 garbage-first heap   total 262144K, used 8170K [0x0000000700c00000, 0x0000000800000000)
  region size 2048K, 2 young (4096K), 2 survivors (4096K)
 Metaspace       used 21350K, committed 21504K, reserved 1073152K
  class space    used 2202K, committed 2304K, reserved 1048576K
}
Event: 3.574 GC heap before
{Heap before GC invocations=2 (full 0):
 garbage-first heap   total 34816K, used 14314K [0x0000000700c00000, 0x0000000800000000)
  region size 2048K, 6 young (12288K), 2 survivors (4096K)
 Metaspace       used 23825K, committed 24000K, reserved 1073152K
  class space    used 2442K, committed 2560K, reserved 1048576K
}
Event: 3.577 GC heap after
{Heap after GC invocations=3 (full 0):
 garbage-first heap   total 34816K, used 8921K [0x0000000700c00000, 0x0000000800000000)
  region size 2048K, 1 young (2048K), 1 survivors (2048K)
 Metaspace       used 23825K, committed 24000K, reserved 1073152K
  class space    used 2442K, committed 2560K, reserved 1048576K
}
Event: 3.682 GC heap before
{Heap before GC invocations=3 (full 0):
 garbage-first heap   total 34816K, used 17113K [0x0000000700c00000, 0x0000000800000000)
  region size 2048K, 6 young (12288K), 1 survivors (2048K)
 Metaspace       used 26331K, committed 26560K, reserved 1081344K
  class space    used 2713K, committed 2816K, reserved 1048576K
}
Event: 3.683 GC heap after
{Heap after GC invocations=4 (full 0):
 garbage-first heap   total 34816K, used 9845K [0x0000000700c00000, 0x0000000800000000)
  region size 2048K, 1 young (2048K), 1 survivors (2048K)
 Metaspace       used 26331K, committed 26560K, reserved 1081344K
  class space    used 2713K, committed 2816K, reserved 1048576K
}
Event: 3.726 GC heap before
{Heap before GC invocations=4 (full 0):
 garbage-first heap   total 34816K, used 22133K [0x0000000700c00000, 0x0000000800000000)
  region size 2048K, 7 young (14336K), 1 survivors (2048K)
 Metaspace       used 26373K, committed 26560K, reserved 1081344K
  class space    used 2713K, committed 2816K, reserved 1048576K
}
Event: 3.731 GC heap after
{Heap after GC invocations=5 (full 0):
 garbage-first heap   total 34816K, used 19460K [0x0000000700c00000, 0x0000000800000000)
  region size 2048K, 1 young (2048K), 1 survivors (2048K)
 Metaspace       used 26373K, committed 26560K, reserved 1081344K
  class space    used 2713K, committed 2816K, reserved 1048576K
}
Event: 3.746 GC heap before
{Heap before GC invocations=5 (full 0):
 garbage-first heap   total 34816K, used 21508K [0x0000000700c00000, 0x0000000800000000)
  region size 2048K, 2 young (4096K), 1 survivors (2048K)
 Metaspace       used 26545K, committed 26688K, reserved 1081344K
  class space    used 2728K, committed 2816K, reserved 1048576K
}
Event: 3.747 GC heap after
{Heap after GC invocations=6 (full 0):
 garbage-first heap   total 34816K, used 21249K [0x0000000700c00000, 0x0000000800000000)
  region size 2048K, 1 young (2048K), 1 survivors (2048K)
 Metaspace       used 26545K, committed 26688K, reserved 1081344K
  class space    used 2728K, committed 2816K, reserved 1048576K
}
Event: 3.779 GC heap before
{Heap before GC invocations=7 (full 0):
 garbage-first heap   total 40960K, used 23297K [0x0000000700c00000, 0x0000000800000000)
  region size 2048K, 2 young (4096K), 1 survivors (2048K)
 Metaspace       used 27234K, committed 27392K, reserved 1081344K
  class space    used 2817K, committed 2880K, reserved 1048576K
}
Event: 3.780 GC heap after
{Heap after GC invocations=8 (full 0):
 garbage-first heap   total 40960K, used 21499K [0x0000000700c00000, 0x0000000800000000)
  region size 2048K, 1 young (2048K), 1 survivors (2048K)
 Metaspace       used 27234K, committed 27392K, reserved 1081344K
  class space    used 2817K, committed 2880K, reserved 1048576K
}
Event: 3.822 GC heap before
{Heap before GC invocations=8 (full 0):
 garbage-first heap   total 40960K, used 25595K [0x0000000700c00000, 0x0000000800000000)
  region size 2048K, 3 young (6144K), 1 survivors (2048K)
 Metaspace       used 28586K, committed 28800K, reserved 1081344K
  class space    used 2940K, committed 3008K, reserved 1048576K
}
Event: 3.822 GC heap after
{Heap after GC invocations=9 (full 0):
 garbage-first heap   total 40960K, used 21443K [0x0000000700c00000, 0x0000000800000000)
  region size 2048K, 1 young (2048K), 1 survivors (2048K)
 Metaspace       used 28586K, committed 28800K, reserved 1081344K
  class space    used 2940K, committed 3008K, reserved 1048576K
}
Event: 3.878 GC heap before
{Heap before GC invocations=10 (full 0):
 garbage-first heap   total 40960K, used 19395K [0x0000000700c00000, 0x0000000800000000)
  region size 2048K, 3 young (6144K), 1 survivors (2048K)
 Metaspace       used 29829K, committed 30016K, reserved 1081344K
  class space    used 3088K, committed 3136K, reserved 1048576K
}
Event: 3.879 GC heap after
{Heap after GC invocations=11 (full 0):
 garbage-first heap   total 40960K, used 15577K [0x0000000700c00000, 0x0000000800000000)
  region size 2048K, 1 young (2048K), 1 survivors (2048K)
 Metaspace       used 29829K, committed 30016K, reserved 1081344K
  class space    used 3088K, committed 3136K, reserved 1048576K
}
Event: 3.919 GC heap before
{Heap before GC invocations=11 (full 0):
 garbage-first heap   total 40960K, used 17625K [0x0000000700c00000, 0x0000000800000000)
  region size 2048K, 2 young (4096K), 1 survivors (2048K)
 Metaspace       used 30457K, committed 30656K, reserved 1081344K
  class space    used 3177K, committed 3264K, reserved 1048576K
}
Event: 3.920 GC heap after
{Heap after GC invocations=12 (full 0):
 garbage-first heap   total 151552K, used 11598K [0x0000000700c00000, 0x0000000800000000)
  region size 2048K, 1 young (2048K), 1 survivors (2048K)
 Metaspace       used 30457K, committed 30656K, reserved 1081344K
  class space    used 3177K, committed 3264K, reserved 1048576K
}

