# JRE version: OpenJDK Runtime Environment Temurin-17.0.4+8 (17.0.4+8) (build 17.0.4+8)
# Java VM: OpenJDK 64-Bit Server VM Temurin-17.0.4+8 (17.0.4+8, mixed mode, tiered, compressed oops, compressed class ptrs, g1 gc, windows-amd64)
GC Precious Log:
 CPUs: 12 total, 12 available
 Memory: 16334M
 Large Page Support: Disabled
 NUMA Support: Disabled
 Compressed Oops: Enabled (Zero based)
 Heap Region Size: 2M
 Heap Min Capacity: 8M
 Heap Initial Capacity: 256M
 Heap Max Capacity: 4084M
 Pre-touch: Disabled
 Parallel Workers: 10
 Concurrent Workers: 3
 Concurrent Refinement Workers: 10
 Periodic GC: Disabled
Heap:
 garbage-first heap   total 69632K, used 28753K [0x0000000700c00000, 0x0000000800000000)
  region size 2048K, 8 young (16384K), 1 survivors (2048K)
 Metaspace       used 32588K, committed 32832K, reserved 1081344K
  class space    used 3396K, committed 3520K, reserved 1048576K
GC Heap History (18 events):
Event: 1.466 GC heap before
{Heap before GC invocations=0 (full 0):
 garbage-first heap   total 262144K, used 20480K [0x0000000700c00000, 0x0000000800000000)
  region size 2048K, 11 young (22528K), 0 survivors (0K)
 Metaspace       used 21350K, committed 21504K, reserved 1073152K
  class space    used 2202K, committed 2304K, reserved 1048576K
}
Event: 1.471 GC heap after
{Heap after GC invocations=1 (full 0):
 garbage-first heap   total 262144K, used 7952K [0x0000000700c00000, 0x0000000800000000)
  region size 2048K, 2 young (4096K), 2 survivors (4096K)
 Metaspace       used 21350K, committed 21504K, reserved 1073152K
  class space    used 2202K, committed 2304K, reserved 1048576K
}
Event: 3.220 GC heap before
{Heap before GC invocations=2 (full 0):
 garbage-first heap   total 34816K, used 14096K [0x0000000700c00000, 0x0000000800000000)
  region size 2048K, 5 young (10240K), 2 survivors (4096K)
 Metaspace       used 23073K, committed 23232K, reserved 1073152K
  class space    used 2382K, committed 2432K, reserved 1048576K
}
Event: 3.222 GC heap after
{Heap after GC invocations=3 (full 0):
 garbage-first heap   total 34816K, used 8776K [0x0000000700c00000, 0x0000000800000000)
  region size 2048K, 1 young (2048K), 1 survivors (2048K)
 Metaspace       used 23073K, committed 23232K, reserved 1073152K
  class space    used 2382K, committed 2432K, reserved 1048576K
}
Event: 3.305 GC heap before
{Heap before GC invocations=3 (full 0):
 garbage-first heap   total 34816K, used 16968K [0x0000000700c00000, 0x0000000800000000)
  region size 2048K, 5 young (10240K), 1 survivors (2048K)
 Metaspace       used 25432K, committed 25664K, reserved 1073152K
  class space    used 2624K, committed 2752K, reserved 1048576K
}
Event: 3.305 GC heap after
{Heap after GC invocations=4 (full 0):
 garbage-first heap   total 34816K, used 8969K [0x0000000700c00000, 0x0000000800000000)
  region size 2048K, 1 young (2048K), 1 survivors (2048K)
 Metaspace       used 25432K, committed 25664K, reserved 1073152K
  class space    used 2624K, committed 2752K, reserved 1048576K
}
Event: 3.385 GC heap before
{Heap before GC invocations=4 (full 0):
 garbage-first heap   total 34816K, used 19209K [0x0000000700c00000, 0x0000000800000000)
  region size 2048K, 6 young (12288K), 1 survivors (2048K)
 Metaspace       used 26348K, committed 26560K, reserved 1081344K
  class space    used 2714K, committed 2816K, reserved 1048576K
}
Event: 3.388 GC heap after
{Heap after GC invocations=5 (full 0):
 garbage-first heap   total 34816K, used 14721K [0x0000000700c00000, 0x0000000800000000)
  region size 2048K, 1 young (2048K), 1 survivors (2048K)
 Metaspace       used 26348K, committed 26560K, reserved 1081344K
  class space    used 2714K, committed 2816K, reserved 1048576K
}
Event: 3.406 GC heap before
{Heap before GC invocations=5 (full 0):
 garbage-first heap   total 34816K, used 20865K [0x0000000700c00000, 0x0000000800000000)
  region size 2048K, 4 young (8192K), 1 survivors (2048K)
 Metaspace       used 26364K, committed 26560K, reserved 1081344K
  class space    used 2714K, committed 2816K, reserved 1048576K
}
Event: 3.410 GC heap after
{Heap after GC invocations=6 (full 0):
 garbage-first heap   total 34816K, used 19924K [0x0000000700c00000, 0x0000000800000000)
  region size 2048K, 1 young (2048K), 1 survivors (2048K)
 Metaspace       used 26364K, committed 26560K, reserved 1081344K
  class space    used 2714K, committed 2816K, reserved 1048576K
}
Event: 3.424 GC heap before
{Heap before GC invocations=6 (full 0):
 garbage-first heap   total 34816K, used 21972K [0x0000000700c00000, 0x0000000800000000)
  region size 2048K, 2 young (4096K), 1 survivors (2048K)
 Metaspace       used 26507K, committed 26688K, reserved 1081344K
  class space    used 2727K, committed 2816K, reserved 1048576K
}
Event: 3.425 GC heap after
{Heap after GC invocations=7 (full 0):
 garbage-first heap   total 34816K, used 21852K [0x0000000700c00000, 0x0000000800000000)
  region size 2048K, 1 young (2048K), 1 survivors (2048K)
 Metaspace       used 26507K, committed 26688K, reserved 1081344K
  class space    used 2727K, committed 2816K, reserved 1048576K
}
Event: 3.458 GC heap before
{Heap before GC invocations=8 (full 0):
 garbage-first heap   total 45056K, used 23900K [0x0000000700c00000, 0x0000000800000000)
  region size 2048K, 2 young (4096K), 1 survivors (2048K)
 Metaspace       used 27208K, committed 27392K, reserved 1081344K
  class space    used 2816K, committed 2880K, reserved 1048576K
}
Event: 3.459 GC heap after
{Heap after GC invocations=9 (full 0):
 garbage-first heap   total 45056K, used 22011K [0x0000000700c00000, 0x0000000800000000)
  region size 2048K, 1 young (2048K), 1 survivors (2048K)
 Metaspace       used 27208K, committed 27392K, reserved 1081344K
  class space    used 2816K, committed 2880K, reserved 1048576K
}
Event: 3.480 GC heap before
{Heap before GC invocations=9 (full 0):
 garbage-first heap   total 45056K, used 24059K [0x0000000700c00000, 0x0000000800000000)
  region size 2048K, 2 young (4096K), 1 survivors (2048K)
 Metaspace       used 27859K, committed 28032K, reserved 1081344K
  class space    used 2881K, committed 2944K, reserved 1048576K
}
Event: 3.482 GC heap after
{Heap after GC invocations=10 (full 0):
 garbage-first heap   total 45056K, used 21570K [0x0000000700c00000, 0x0000000800000000)
  region size 2048K, 1 young (2048K), 1 survivors (2048K)
 Metaspace       used 27859K, committed 28032K, reserved 1081344K
  class space    used 2881K, committed 2944K, reserved 1048576K
}
Event: 3.526 GC heap before
{Heap before GC invocations=10 (full 0):
 garbage-first heap   total 45056K, used 25666K [0x0000000700c00000, 0x0000000800000000)
  region size 2048K, 3 young (6144K), 1 survivors (2048K)
 Metaspace       used 29218K, committed 29376K, reserved 1081344K
  class space    used 3011K, committed 3072K, reserved 1048576K
}
Event: 3.528 GC heap after
{Heap after GC invocations=11 (full 0):
 garbage-first heap   total 153600K, used 21667K [0x0000000700c00000, 0x0000000800000000)
  region size 2048K, 1 young (2048K), 1 survivors (2048K)
 Metaspace       used 29218K, committed 29376K, reserved 1081344K
  class space    used 3011K, committed 3072K, reserved 1048576K
}

