# JRE version: OpenJDK Runtime Environment Temurin-17.0.4+8 (17.0.4+8) (build 17.0.4+8)
# Java VM: OpenJDK 64-Bit Server VM Temurin-17.0.4+8 (17.0.4+8, mixed mode, tiered, compressed oops, compressed class ptrs, g1 gc, windows-amd64)
GC Precious Log:
 CPUs: 12 total, 12 available
 Memory: 16334M
 Large Page Support: Disabled
 NUMA Support: Disabled
 Compressed Oops: Enabled (Zero based)
 Heap Region Size: 2M
 Heap Min Capacity: 8M
 Heap Initial Capacity: 256M
 Heap Max Capacity: 4084M
 Pre-touch: Disabled
 Parallel Workers: 10
 Concurrent Workers: 3
 Concurrent Refinement Workers: 10
 Periodic GC: Disabled
Heap:
 garbage-first heap   total 90112K, used 36238K [0x0000000700c00000, 0x0000000800000000)
  region size 2048K, 9 young (18432K), 1 survivors (2048K)
 Metaspace       used 32657K, committed 32832K, reserved 1081344K
  class space    used 3397K, committed 3520K, reserved 1048576K
GC Heap History (18 events):
Event: 1.545 GC heap before
{Heap before GC invocations=0 (full 0):
 garbage-first heap   total 262144K, used 20480K [0x0000000700c00000, 0x0000000800000000)
  region size 2048K, 11 young (22528K), 0 survivors (0K)
 Metaspace       used 21350K, committed 21504K, reserved 1073152K
  class space    used 2203K, committed 2304K, reserved 1048576K
}
Event: 1.549 GC heap after
{Heap after GC invocations=1 (full 0):
 garbage-first heap   total 262144K, used 7972K [0x0000000700c00000, 0x0000000800000000)
  region size 2048K, 2 young (4096K), 2 survivors (4096K)
 Metaspace       used 21350K, committed 21504K, reserved 1073152K
  class space    used 2203K, committed 2304K, reserved 1048576K
}
Event: 3.183 GC heap before
{Heap before GC invocations=2 (full 0):
 garbage-first heap   total 34816K, used 14116K [0x0000000700c00000, 0x0000000800000000)
  region size 2048K, 5 young (10240K), 2 survivors (4096K)
 Metaspace       used 23240K, committed 23424K, reserved 1073152K
  class space    used 2391K, committed 2496K, reserved 1048576K
}
Event: 3.186 GC heap after
{Heap after GC invocations=3 (full 0):
 garbage-first heap   total 34816K, used 9068K [0x0000000700c00000, 0x0000000800000000)
  region size 2048K, 1 young (2048K), 1 survivors (2048K)
 Metaspace       used 23240K, committed 23424K, reserved 1073152K
  class space    used 2391K, committed 2496K, reserved 1048576K
}
Event: 3.268 GC heap before
{Heap before GC invocations=3 (full 0):
 garbage-first heap   total 34816K, used 17260K [0x0000000700c00000, 0x0000000800000000)
  region size 2048K, 5 young (10240K), 1 survivors (2048K)
 Metaspace       used 25569K, committed 25792K, reserved 1073152K
  class space    used 2629K, committed 2752K, reserved 1048576K
}
Event: 3.269 GC heap after
{Heap after GC invocations=4 (full 0):
 garbage-first heap   total 34816K, used 9394K [0x0000000700c00000, 0x0000000800000000)
  region size 2048K, 1 young (2048K), 1 survivors (2048K)
 Metaspace       used 25569K, committed 25792K, reserved 1073152K
  class space    used 2629K, committed 2752K, reserved 1048576K
}
Event: 3.350 GC heap before
{Heap before GC invocations=4 (full 0):
 garbage-first heap   total 34816K, used 19634K [0x0000000700c00000, 0x0000000800000000)
  region size 2048K, 6 young (12288K), 1 survivors (2048K)
 Metaspace       used 26425K, committed 26624K, reserved 1073152K
  class space    used 2715K, committed 2816K, reserved 1048576K
}
Event: 3.353 GC heap after
{Heap after GC invocations=5 (full 0):
 garbage-first heap   total 34816K, used 15325K [0x0000000700c00000, 0x0000000800000000)
  region size 2048K, 1 young (2048K), 1 survivors (2048K)
 Metaspace       used 26425K, committed 26624K, reserved 1073152K
  class space    used 2715K, committed 2816K, reserved 1048576K
}
Event: 3.365 GC heap before
{Heap before GC invocations=5 (full 0):
 garbage-first heap   total 34816K, used 19421K [0x0000000700c00000, 0x0000000800000000)
  region size 2048K, 3 young (6144K), 1 survivors (2048K)
 Metaspace       used 26431K, committed 26624K, reserved 1073152K
  class space    used 2715K, committed 2816K, reserved 1048576K
}
Event: 3.368 GC heap after
{Heap after GC invocations=6 (full 0):
 garbage-first heap   total 34816K, used 19052K [0x0000000700c00000, 0x0000000800000000)
  region size 2048K, 1 young (2048K), 1 survivors (2048K)
 Metaspace       used 26431K, committed 26624K, reserved 1073152K
  class space    used 2715K, committed 2816K, reserved 1048576K
}
Event: 3.376 GC heap before
{Heap before GC invocations=6 (full 0):
 garbage-first heap   total 34816K, used 21100K [0x0000000700c00000, 0x0000000800000000)
  region size 2048K, 2 young (4096K), 1 survivors (2048K)
 Metaspace       used 26434K, committed 26624K, reserved 1073152K
  class space    used 2715K, committed 2816K, reserved 1048576K
}
Event: 3.377 GC heap after
{Heap after GC invocations=7 (full 0):
 garbage-first heap   total 34816K, used 21134K [0x0000000700c00000, 0x0000000800000000)
  region size 2048K, 1 young (2048K), 1 survivors (2048K)
 Metaspace       used 26434K, committed 26624K, reserved 1073152K
  class space    used 2715K, committed 2816K, reserved 1048576K
}
Event: 3.395 GC heap before
{Heap before GC invocations=8 (full 0):
 garbage-first heap   total 40960K, used 23182K [0x0000000700c00000, 0x0000000800000000)
  region size 2048K, 2 young (4096K), 1 survivors (2048K)
 Metaspace       used 26651K, committed 26816K, reserved 1073152K
  class space    used 2737K, committed 2816K, reserved 1048576K
}
Event: 3.397 GC heap after
{Heap after GC invocations=9 (full 0):
 garbage-first heap   total 40960K, used 22168K [0x0000000700c00000, 0x0000000800000000)
  region size 2048K, 1 young (2048K), 1 survivors (2048K)
 Metaspace       used 26651K, committed 26816K, reserved 1073152K
  class space    used 2737K, committed 2816K, reserved 1048576K
}
Event: 3.425 GC heap before
{Heap before GC invocations=9 (full 0):
 garbage-first heap   total 40960K, used 24216K [0x0000000700c00000, 0x0000000800000000)
  region size 2048K, 2 young (4096K), 1 survivors (2048K)
 Metaspace       used 27349K, committed 27520K, reserved 1081344K
  class space    used 2828K, committed 2880K, reserved 1048576K
}
Event: 3.426 GC heap after
{Heap after GC invocations=10 (full 0):
 garbage-first heap   total 40960K, used 21855K [0x0000000700c00000, 0x0000000800000000)
  region size 2048K, 1 young (2048K), 1 survivors (2048K)
 Metaspace       used 27349K, committed 27520K, reserved 1081344K
  class space    used 2828K, committed 2880K, reserved 1048576K
}
Event: 3.466 GC heap before
{Heap before GC invocations=10 (full 0):
 garbage-first heap   total 40960K, used 23903K [0x0000000700c00000, 0x0000000800000000)
  region size 2048K, 3 young (6144K), 1 survivors (2048K)
 Metaspace       used 28718K, committed 28864K, reserved 1081344K
  class space    used 2949K, committed 3008K, reserved 1048576K
}
Event: 3.467 GC heap after
{Heap after GC invocations=11 (full 0):
 garbage-first heap   total 151552K, used 21902K [0x0000000700c00000, 0x0000000800000000)
  region size 2048K, 1 young (2048K), 1 survivors (2048K)
 Metaspace       used 28718K, committed 28864K, reserved 1081344K
  class space    used 2949K, committed 3008K, reserved 1048576K
}

