# JRE version: OpenJDK Runtime Environment Temurin-17.0.4+8 (17.0.4+8) (build 17.0.4+8)
# Java VM: OpenJDK 64-Bit Server VM Temurin-17.0.4+8 (17.0.4+8, mixed mode, tiered, compressed oops, compressed class ptrs, g1 gc, windows-amd64)
GC Precious Log:
 CPUs: 12 total, 12 available
 Memory: 16334M
 Large Page Support: Disabled
 NUMA Support: Disabled
 Compressed Oops: Enabled (Zero based)
 Heap Region Size: 2M
 Heap Min Capacity: 8M
 Heap Initial Capacity: 256M
 Heap Max Capacity: 4084M
 Pre-touch: Disabled
 Parallel Workers: 10
 Concurrent Workers: 3
 Concurrent Refinement Workers: 10
 Periodic GC: Disabled
Heap:
 garbage-first heap   total 81920K, used 43492K [0x0000000700c00000, 0x0000000800000000)
  region size 2048K, 13 young (26624K), 1 survivors (2048K)
 Metaspace       used 33415K, committed 33664K, reserved 1081344K
  class space    used 3409K, committed 3520K, reserved 1048576K
GC Heap History (12 events):
Event: 2.868 GC heap before
{Heap before GC invocations=0 (full 0):
 garbage-first heap   total 262144K, used 20480K [0x0000000700c00000, 0x0000000800000000)
  region size 2048K, 11 young (22528K), 0 survivors (0K)
 Metaspace       used 21290K, committed 21504K, reserved 1073152K
  class space    used 2193K, committed 2304K, reserved 1048576K
}
Event: 2.872 GC heap after
{Heap after GC invocations=1 (full 0):
 garbage-first heap   total 262144K, used 7305K [0x0000000700c00000, 0x0000000800000000)
  region size 2048K, 2 young (4096K), 2 survivors (4096K)
 Metaspace       used 21290K, committed 21504K, reserved 1073152K
  class space    used 2193K, committed 2304K, reserved 1048576K
}
Event: 4.476 GC heap before
{Heap before GC invocations=2 (full 0):
 garbage-first heap   total 34816K, used 13449K [0x0000000700c00000, 0x0000000800000000)
  region size 2048K, 6 young (12288K), 2 survivors (4096K)
 Metaspace       used 23359K, committed 23552K, reserved 1073152K
  class space    used 2354K, committed 2432K, reserved 1048576K
}
Event: 4.479 GC heap after
{Heap after GC invocations=3 (full 0):
 garbage-first heap   total 34816K, used 8070K [0x0000000700c00000, 0x0000000800000000)
  region size 2048K, 1 young (2048K), 1 survivors (2048K)
 Metaspace       used 23359K, committed 23552K, reserved 1073152K
  class space    used 2354K, committed 2432K, reserved 1048576K
}
Event: 4.499 GC heap before
{Heap before GC invocations=3 (full 0):
 garbage-first heap   total 34816K, used 10118K [0x0000000700c00000, 0x0000000800000000)
  region size 2048K, 2 young (4096K), 1 survivors (2048K)
 Metaspace       used 23940K, committed 24128K, reserved 1073152K
  class space    used 2404K, committed 2496K, reserved 1048576K
}
Event: 4.501 GC heap after
{Heap after GC invocations=4 (full 0):
 garbage-first heap   total 34816K, used 8174K [0x0000000700c00000, 0x0000000800000000)
  region size 2048K, 1 young (2048K), 1 survivors (2048K)
 Metaspace       used 23940K, committed 24128K, reserved 1073152K
  class space    used 2404K, committed 2496K, reserved 1048576K
}
Event: 4.594 GC heap before
{Heap before GC invocations=4 (full 0):
 garbage-first heap   total 34816K, used 18414K [0x0000000700c00000, 0x0000000800000000)
  region size 2048K, 6 young (12288K), 1 survivors (2048K)
 Metaspace       used 25654K, committed 25856K, reserved 1073152K
  class space    used 2601K, committed 2688K, reserved 1048576K
}
Event: 4.596 GC heap after
{Heap after GC invocations=5 (full 0):
 garbage-first heap   total 34816K, used 11526K [0x0000000700c00000, 0x0000000800000000)
  region size 2048K, 1 young (2048K), 1 survivors (2048K)
 Metaspace       used 25654K, committed 25856K, reserved 1073152K
  class space    used 2601K, committed 2688K, reserved 1048576K
}
Event: 4.629 GC heap before
{Heap before GC invocations=5 (full 0):
 garbage-first heap   total 34816K, used 21766K [0x0000000700c00000, 0x0000000800000000)
  region size 2048K, 6 young (12288K), 1 survivors (2048K)
 Metaspace       used 25667K, committed 25856K, reserved 1073152K
  class space    used 2601K, committed 2688K, reserved 1048576K
}
Event: 4.633 GC heap after
{Heap after GC invocations=6 (full 0):
 garbage-first heap   total 34816K, used 19801K [0x0000000700c00000, 0x0000000800000000)
  region size 2048K, 1 young (2048K), 1 survivors (2048K)
 Metaspace       used 25667K, committed 25856K, reserved 1073152K
  class space    used 2601K, committed 2688K, reserved 1048576K
}
Event: 4.745 GC heap before
{Heap before GC invocations=6 (full 0):
 garbage-first heap   total 34816K, used 19801K [0x0000000700c00000, 0x0000000800000000)
  region size 2048K, 2 young (4096K), 1 survivors (2048K)
 Metaspace       used 26429K, committed 26624K, reserved 1073152K
  class space    used 2677K, committed 2816K, reserved 1048576K
}
Event: 4.747 GC heap after
{Heap after GC invocations=7 (full 0):
 garbage-first heap   total 149504K, used 20964K [0x0000000700c00000, 0x0000000800000000)
  region size 2048K, 1 young (2048K), 1 survivors (2048K)
 Metaspace       used 26429K, committed 26624K, reserved 1073152K
  class space    used 2677K, committed 2816K, reserved 1048576K
}

