# JRE version: OpenJDK Runtime Environment Temurin-17.0.4+8 (17.0.4+8) (build 17.0.4+8)
# Java VM: OpenJDK 64-Bit Server VM Temurin-17.0.4+8 (17.0.4+8, mixed mode, tiered, compressed oops, compressed class ptrs, g1 gc, windows-amd64)
GC Precious Log:
 CPUs: 12 total, 12 available
 Memory: 16334M
 Large Page Support: Disabled
 NUMA Support: Disabled
 Compressed Oops: Enabled (Zero based)
 Heap Region Size: 2M
 Heap Min Capacity: 8M
 Heap Initial Capacity: 256M
 Heap Max Capacity: 4084M
 Pre-touch: Disabled
 Parallel Workers: 10
 Concurrent Workers: 3
 Concurrent Refinement Workers: 10
 Periodic GC: Disabled
Heap:
 garbage-first heap   total 55296K, used 22733K [0x0000000700c00000, 0x0000000800000000)
  region size 2048K, 7 young (14336K), 1 survivors (2048K)
 Metaspace       used 33341K, committed 33536K, reserved 1081344K
  class space    used 3410K, committed 3520K, reserved 1048576K
GC Heap History (16 events):
Event: 2.030 GC heap before
{Heap before GC invocations=0 (full 0):
 garbage-first heap   total 262144K, used 20480K [0x0000000700c00000, 0x0000000800000000)
  region size 2048K, 11 young (22528K), 0 survivors (0K)
 Metaspace       used 21290K, committed 21504K, reserved 1073152K
  class space    used 2194K, committed 2304K, reserved 1048576K
}
Event: 2.035 GC heap after
{Heap after GC invocations=1 (full 0):
 garbage-first heap   total 262144K, used 7526K [0x0000000700c00000, 0x0000000800000000)
  region size 2048K, 2 young (4096K), 2 survivors (4096K)
 Metaspace       used 21290K, committed 21504K, reserved 1073152K
  class space    used 2194K, committed 2304K, reserved 1048576K
}
Event: 3.490 GC heap before
{Heap before GC invocations=2 (full 0):
 garbage-first heap   total 34816K, used 11622K [0x0000000700c00000, 0x0000000800000000)
  region size 2048K, 4 young (8192K), 2 survivors (4096K)
 Metaspace       used 21996K, committed 22208K, reserved 1073152K
  class space    used 2240K, committed 2304K, reserved 1048576K
}
Event: 3.493 GC heap after
{Heap after GC invocations=3 (full 0):
 garbage-first heap   total 34816K, used 7785K [0x0000000700c00000, 0x0000000800000000)
  region size 2048K, 1 young (2048K), 1 survivors (2048K)
 Metaspace       used 21996K, committed 22208K, reserved 1073152K
  class space    used 2240K, committed 2304K, reserved 1048576K
}
Event: 3.515 GC heap before
{Heap before GC invocations=3 (full 0):
 garbage-first heap   total 34816K, used 9833K [0x0000000700c00000, 0x0000000800000000)
  region size 2048K, 2 young (4096K), 1 survivors (2048K)
 Metaspace       used 22675K, committed 22912K, reserved 1073152K
  class space    used 2302K, committed 2432K, reserved 1048576K
}
Event: 3.516 GC heap after
{Heap after GC invocations=4 (full 0):
 garbage-first heap   total 34816K, used 7918K [0x0000000700c00000, 0x0000000800000000)
  region size 2048K, 1 young (2048K), 1 survivors (2048K)
 Metaspace       used 22675K, committed 22912K, reserved 1073152K
  class space    used 2302K, committed 2432K, reserved 1048576K
}
Event: 3.628 GC heap before
{Heap before GC invocations=4 (full 0):
 garbage-first heap   total 34816K, used 16110K [0x0000000700c00000, 0x0000000800000000)
  region size 2048K, 6 young (12288K), 1 survivors (2048K)
 Metaspace       used 25491K, committed 25664K, reserved 1073152K
  class space    used 2601K, committed 2688K, reserved 1048576K
}
Event: 3.629 GC heap after
{Heap after GC invocations=5 (full 0):
 garbage-first heap   total 34816K, used 8519K [0x0000000700c00000, 0x0000000800000000)
  region size 2048K, 1 young (2048K), 1 survivors (2048K)
 Metaspace       used 25491K, committed 25664K, reserved 1073152K
  class space    used 2601K, committed 2688K, reserved 1048576K
}
Event: 3.685 GC heap before
{Heap before GC invocations=5 (full 0):
 garbage-first heap   total 34816K, used 20807K [0x0000000700c00000, 0x0000000800000000)
  region size 2048K, 7 young (14336K), 1 survivors (2048K)
 Metaspace       used 25583K, committed 25728K, reserved 1073152K
  class space    used 2601K, committed 2688K, reserved 1048576K
}
Event: 3.690 GC heap after
{Heap after GC invocations=6 (full 0):
 garbage-first heap   total 34816K, used 18196K [0x0000000700c00000, 0x0000000800000000)
  region size 2048K, 1 young (2048K), 1 survivors (2048K)
 Metaspace       used 25583K, committed 25728K, reserved 1073152K
  class space    used 2601K, committed 2688K, reserved 1048576K
}
Event: 3.815 GC heap before
{Heap before GC invocations=6 (full 0):
 garbage-first heap   total 34816K, used 20244K [0x0000000700c00000, 0x0000000800000000)
  region size 2048K, 3 young (6144K), 1 survivors (2048K)
 Metaspace       used 26437K, committed 26688K, reserved 1073152K
  class space    used 2686K, committed 2816K, reserved 1048576K
}
Event: 3.817 GC heap after
{Heap after GC invocations=7 (full 0):
 garbage-first heap   total 34816K, used 18271K [0x0000000700c00000, 0x0000000800000000)
  region size 2048K, 1 young (2048K), 1 survivors (2048K)
 Metaspace       used 26437K, committed 26688K, reserved 1073152K
  class space    used 2686K, committed 2816K, reserved 1048576K
}
Event: 3.860 GC heap before
{Heap before GC invocations=8 (full 0):
 garbage-first heap   total 38912K, used 20319K [0x0000000700c00000, 0x0000000800000000)
  region size 2048K, 3 young (6144K), 1 survivors (2048K)
 Metaspace       used 27918K, committed 28096K, reserved 1081344K
  class space    used 2819K, committed 2944K, reserved 1048576K
}
Event: 3.861 GC heap after
{Heap after GC invocations=9 (full 0):
 garbage-first heap   total 38912K, used 18157K [0x0000000700c00000, 0x0000000800000000)
  region size 2048K, 1 young (2048K), 1 survivors (2048K)
 Metaspace       used 27918K, committed 28096K, reserved 1081344K
  class space    used 2819K, committed 2944K, reserved 1048576K
}
Event: 3.938 GC heap before
{Heap before GC invocations=9 (full 0):
 garbage-first heap   total 38912K, used 24301K [0x0000000700c00000, 0x0000000800000000)
  region size 2048K, 4 young (8192K), 1 survivors (2048K)
 Metaspace       used 30038K, committed 30272K, reserved 1081344K
  class space    used 3084K, committed 3200K, reserved 1048576K
}
Event: 3.940 GC heap after
{Heap after GC invocations=10 (full 0):
 garbage-first heap   total 151552K, used 18637K [0x0000000700c00000, 0x0000000800000000)
  region size 2048K, 1 young (2048K), 1 survivors (2048K)
 Metaspace       used 30038K, committed 30272K, reserved 1081344K
  class space    used 3084K, committed 3200K, reserved 1048576K
}

