# JRE version: OpenJDK Runtime Environment Temurin-17.0.7+7 (17.0.7+7) (build 17.0.7+7)
# Java VM: OpenJDK 64-Bit Server VM Temurin-17.0.7+7 (17.0.7+7, mixed mode, tiered, compressed oops, compressed class ptrs, g1 gc, windows-amd64)
GC Precious Log:
 CPUs: 16 total, 16 available
 Memory: 15712M
 Large Page Support: Disabled
 NUMA Support: Disabled
 Compressed Oops: Enabled (Zero based)
 Heap Region Size: 2M
 Heap Min Capacity: 8M
 Heap Initial Capacity: 246M
 Heap Max Capacity: 3930M
 Pre-touch: Disabled
 Parallel Workers: 13
 Concurrent Workers: 3
 Concurrent Refinement Workers: 13
 Periodic GC: Disabled
Heap:
 garbage-first heap   total 51200K, used 32255K [0x000000070a600000, 0x0000000800000000)
  region size 2048K, 6 young (12288K), 1 survivors (2048K)
 Metaspace       used 39800K, committed 40064K, reserved 1114112K
  class space    used 3975K, committed 4160K, reserved 1048576K
GC Heap History (20 events):
Event: 441.766 GC heap before
{Heap before GC invocations=65 (full 0):
 garbage-first heap   total 45056K, used 35371K [0x000000070a600000, 0x0000000800000000)
  region size 2048K, 7 young (14336K), 1 survivors (2048K)
 Metaspace       used 39770K, committed 40064K, reserved 1114112K
  class space    used 3975K, committed 4160K, reserved 1048576K
}
Event: 441.768 GC heap after
{Heap after GC invocations=66 (full 0):
 garbage-first heap   total 45056K, used 23149K [0x000000070a600000, 0x0000000800000000)
  region size 2048K, 1 young (2048K), 1 survivors (2048K)
 Metaspace       used 39770K, committed 40064K, reserved 1114112K
  class space    used 3975K, committed 4160K, reserved 1048576K
}
Event: 443.287 GC heap before
{Heap before GC invocations=66 (full 0):
 garbage-first heap   total 45056K, used 35437K [0x000000070a600000, 0x0000000800000000)
  region size 2048K, 7 young (14336K), 1 survivors (2048K)
 Metaspace       used 39770K, committed 40064K, reserved 1114112K
  class space    used 3975K, committed 4160K, reserved 1048576K
}
Event: 443.289 GC heap after
{Heap after GC invocations=67 (full 0):
 garbage-first heap   total 45056K, used 23243K [0x000000070a600000, 0x0000000800000000)
  region size 2048K, 1 young (2048K), 1 survivors (2048K)
 Metaspace       used 39770K, committed 40064K, reserved 1114112K
  class space    used 3975K, committed 4160K, reserved 1048576K
}
Event: 444.805 GC heap before
{Heap before GC invocations=68 (full 0):
 garbage-first heap   total 45056K, used 35531K [0x000000070a600000, 0x0000000800000000)
  region size 2048K, 7 young (14336K), 1 survivors (2048K)
 Metaspace       used 39770K, committed 40064K, reserved 1114112K
  class space    used 3975K, committed 4160K, reserved 1048576K
}
Event: 444.807 GC heap after
{Heap after GC invocations=69 (full 0):
 garbage-first heap   total 45056K, used 23342K [0x000000070a600000, 0x0000000800000000)
  region size 2048K, 1 young (2048K), 1 survivors (2048K)
 Metaspace       used 39770K, committed 40064K, reserved 1114112K
  class space    used 3975K, committed 4160K, reserved 1048576K
}
Event: 446.307 GC heap before
{Heap before GC invocations=69 (full 0):
 garbage-first heap   total 45056K, used 35630K [0x000000070a600000, 0x0000000800000000)
  region size 2048K, 7 young (14336K), 1 survivors (2048K)
 Metaspace       used 39770K, committed 40064K, reserved 1114112K
  class space    used 3975K, committed 4160K, reserved 1048576K
}
Event: 446.309 GC heap after
{Heap after GC invocations=70 (full 0):
 garbage-first heap   total 45056K, used 23467K [0x000000070a600000, 0x0000000800000000)
  region size 2048K, 1 young (2048K), 1 survivors (2048K)
 Metaspace       used 39770K, committed 40064K, reserved 1114112K
  class space    used 3975K, committed 4160K, reserved 1048576K
}
Event: 447.523 GC heap before
{Heap before GC invocations=71 (full 0):
 garbage-first heap   total 45056K, used 31659K [0x000000070a600000, 0x0000000800000000)
  region size 2048K, 6 young (12288K), 1 survivors (2048K)
 Metaspace       used 39770K, committed 40064K, reserved 1114112K
  class space    used 3975K, committed 4160K, reserved 1048576K
}
Event: 447.526 GC heap after
{Heap after GC invocations=72 (full 0):
 garbage-first heap   total 45056K, used 23506K [0x000000070a600000, 0x0000000800000000)
  region size 2048K, 1 young (2048K), 1 survivors (2048K)
 Metaspace       used 39770K, committed 40064K, reserved 1114112K
  class space    used 3975K, committed 4160K, reserved 1048576K
}
Event: 449.055 GC heap before
{Heap before GC invocations=73 (full 0):
 garbage-first heap   total 51200K, used 39890K [0x000000070a600000, 0x0000000800000000)
  region size 2048K, 7 young (14336K), 1 survivors (2048K)
 Metaspace       used 39770K, committed 40064K, reserved 1114112K
  class space    used 3975K, committed 4160K, reserved 1048576K
}
Event: 449.058 GC heap after
{Heap after GC invocations=74 (full 0):
 garbage-first heap   total 51200K, used 23607K [0x000000070a600000, 0x0000000800000000)
  region size 2048K, 1 young (2048K), 1 survivors (2048K)
 Metaspace       used 39770K, committed 40064K, reserved 1114112K
  class space    used 3975K, committed 4160K, reserved 1048576K
}
Event: 451.085 GC heap before
{Heap before GC invocations=74 (full 0):
 garbage-first heap   total 51200K, used 39991K [0x000000070a600000, 0x0000000800000000)
  region size 2048K, 9 young (18432K), 1 survivors (2048K)
 Metaspace       used 39770K, committed 40064K, reserved 1114112K
  class space    used 3975K, committed 4160K, reserved 1048576K
}
Event: 451.087 GC heap after
{Heap after GC invocations=75 (full 0):
 garbage-first heap   total 51200K, used 23718K [0x000000070a600000, 0x0000000800000000)
  region size 2048K, 1 young (2048K), 1 survivors (2048K)
 Metaspace       used 39770K, committed 40064K, reserved 1114112K
  class space    used 3975K, committed 4160K, reserved 1048576K
}
Event: 453.124 GC heap before
{Heap before GC invocations=76 (full 0):
 garbage-first heap   total 51200K, used 40102K [0x000000070a600000, 0x0000000800000000)
  region size 2048K, 9 young (18432K), 1 survivors (2048K)
 Metaspace       used 39773K, committed 40064K, reserved 1114112K
  class space    used 3975K, committed 4160K, reserved 1048576K
}
Event: 453.127 GC heap after
{Heap after GC invocations=77 (full 0):
 garbage-first heap   total 51200K, used 23872K [0x000000070a600000, 0x0000000800000000)
  region size 2048K, 1 young (2048K), 1 survivors (2048K)
 Metaspace       used 39773K, committed 40064K, reserved 1114112K
  class space    used 3975K, committed 4160K, reserved 1048576K
}
Event: 455.145 GC heap before
{Heap before GC invocations=77 (full 0):
 garbage-first heap   total 51200K, used 40256K [0x000000070a600000, 0x0000000800000000)
  region size 2048K, 9 young (18432K), 1 survivors (2048K)
 Metaspace       used 39773K, committed 40064K, reserved 1114112K
  class space    used 3975K, committed 4160K, reserved 1048576K
}
Event: 455.147 GC heap after
{Heap after GC invocations=78 (full 0):
 garbage-first heap   total 51200K, used 23966K [0x000000070a600000, 0x0000000800000000)
  region size 2048K, 1 young (2048K), 1 survivors (2048K)
 Metaspace       used 39773K, committed 40064K, reserved 1114112K
  class space    used 3975K, committed 4160K, reserved 1048576K
}
Event: 456.895 GC heap before
{Heap before GC invocations=79 (full 0):
 garbage-first heap   total 51200K, used 40350K [0x000000070a600000, 0x0000000800000000)
  region size 2048K, 9 young (18432K), 1 survivors (2048K)
 Metaspace       used 39785K, committed 40064K, reserved 1114112K
  class space    used 3975K, committed 4160K, reserved 1048576K
}
Event: 456.898 GC heap after
{Heap after GC invocations=80 (full 0):
 garbage-first heap   total 51200K, used 24063K [0x000000070a600000, 0x0000000800000000)
  region size 2048K, 1 young (2048K), 1 survivors (2048K)
 Metaspace       used 39785K, committed 40064K, reserved 1114112K
  class space    used 3975K, committed 4160K, reserved 1048576K
}

