# JRE version: OpenJDK Runtime Environment Temurin-17.0.7+7 (17.0.7+7) (build 17.0.7+7)
# Java VM: OpenJDK 64-Bit Server VM Temurin-17.0.7+7 (17.0.7+7, mixed mode, tiered, compressed oops, compressed class ptrs, g1 gc, windows-amd64)
GC Precious Log:
 CPUs: 16 total, 16 available
 Memory: 15712M
 Large Page Support: Disabled
 NUMA Support: Disabled
 Compressed Oops: Enabled (Zero based)
 Heap Region Size: 2M
 Heap Min Capacity: 8M
 Heap Initial Capacity: 246M
 Heap Max Capacity: 3930M
 Pre-touch: Disabled
 Parallel Workers: 13
 Concurrent Workers: 3
 Concurrent Refinement Workers: 13
 Periodic GC: Disabled
Heap:
 garbage-first heap   total 81920K, used 37684K [0x000000070a600000, 0x0000000800000000)
  region size 2048K, 10 young (20480K), 1 survivors (2048K)
 Metaspace       used 31086K, committed 31296K, reserved 1114112K
  class space    used 3131K, committed 3200K, reserved 1048576K
GC Heap History (12 events):
Event: 3.538 GC heap before
{Heap before GC invocations=0 (full 0):
 garbage-first heap   total 251904K, used 20480K [0x000000070a600000, 0x0000000800000000)
  region size 2048K, 11 young (22528K), 0 survivors (0K)
 Metaspace       used 21328K, committed 21504K, reserved 1114112K
  class space    used 2172K, committed 2304K, reserved 1048576K
}
Event: 3.542 GC heap after
{Heap after GC invocations=1 (full 0):
 garbage-first heap   total 251904K, used 7356K [0x000000070a600000, 0x0000000800000000)
  region size 2048K, 2 young (4096K), 2 survivors (4096K)
 Metaspace       used 21328K, committed 21504K, reserved 1114112K
  class space    used 2172K, committed 2304K, reserved 1048576K
}
Event: 6.101 GC heap before
{Heap before GC invocations=2 (full 0):
 garbage-first heap   total 34816K, used 17596K [0x000000070a600000, 0x0000000800000000)
  region size 2048K, 7 young (14336K), 2 survivors (4096K)
 Metaspace       used 23992K, committed 24128K, reserved 1114112K
  class space    used 2384K, committed 2432K, reserved 1048576K
}
Event: 6.104 GC heap after
{Heap after GC invocations=3 (full 0):
 garbage-first heap   total 34816K, used 8646K [0x000000070a600000, 0x0000000800000000)
  region size 2048K, 1 young (2048K), 1 survivors (2048K)
 Metaspace       used 23992K, committed 24128K, reserved 1114112K
  class space    used 2384K, committed 2432K, reserved 1048576K
}
Event: 6.133 GC heap before
{Heap before GC invocations=3 (full 0):
 garbage-first heap   total 34816K, used 10694K [0x000000070a600000, 0x0000000800000000)
  region size 2048K, 2 young (4096K), 1 survivors (2048K)
 Metaspace       used 24637K, committed 24832K, reserved 1114112K
  class space    used 2458K, committed 2560K, reserved 1048576K
}
Event: 6.135 GC heap after
{Heap after GC invocations=4 (full 0):
 garbage-first heap   total 34816K, used 8716K [0x000000070a600000, 0x0000000800000000)
  region size 2048K, 1 young (2048K), 1 survivors (2048K)
 Metaspace       used 24637K, committed 24832K, reserved 1114112K
  class space    used 2458K, committed 2560K, reserved 1048576K
}
Event: 6.236 GC heap before
{Heap before GC invocations=4 (full 0):
 garbage-first heap   total 34816K, used 18956K [0x000000070a600000, 0x0000000800000000)
  region size 2048K, 6 young (12288K), 1 survivors (2048K)
 Metaspace       used 26062K, committed 26240K, reserved 1114112K
  class space    used 2613K, committed 2688K, reserved 1048576K
}
Event: 6.239 GC heap after
{Heap after GC invocations=5 (full 0):
 garbage-first heap   total 34816K, used 12646K [0x000000070a600000, 0x0000000800000000)
  region size 2048K, 1 young (2048K), 1 survivors (2048K)
 Metaspace       used 26062K, committed 26240K, reserved 1114112K
  class space    used 2613K, committed 2688K, reserved 1048576K
}
Event: 6.287 GC heap before
{Heap before GC invocations=5 (full 0):
 garbage-first heap   total 34816K, used 20838K [0x000000070a600000, 0x0000000800000000)
  region size 2048K, 5 young (10240K), 1 survivors (2048K)
 Metaspace       used 26085K, committed 26304K, reserved 1114112K
  class space    used 2613K, committed 2688K, reserved 1048576K
}
Event: 6.292 GC heap after
{Heap after GC invocations=6 (full 0):
 garbage-first heap   total 34816K, used 19297K [0x000000070a600000, 0x0000000800000000)
  region size 2048K, 1 young (2048K), 1 survivors (2048K)
 Metaspace       used 26085K, committed 26304K, reserved 1114112K
  class space    used 2613K, committed 2688K, reserved 1048576K
}
Event: 6.401 GC heap before
{Heap before GC invocations=6 (full 0):
 garbage-first heap   total 34816K, used 21345K [0x000000070a600000, 0x0000000800000000)
  region size 2048K, 2 young (4096K), 1 survivors (2048K)
 Metaspace       used 26303K, committed 26560K, reserved 1114112K
  class space    used 2629K, committed 2752K, reserved 1048576K
}
Event: 6.403 GC heap after
{Heap after GC invocations=7 (full 0):
 garbage-first heap   total 143360K, used 21300K [0x000000070a600000, 0x0000000800000000)
  region size 2048K, 1 young (2048K), 1 survivors (2048K)
 Metaspace       used 26303K, committed 26560K, reserved 1114112K
  class space    used 2629K, committed 2752K, reserved 1048576K
}

