# JRE version: OpenJDK Runtime Environment Temurin-17.0.7+7 (17.0.7+7) (build 17.0.7+7)
# Java VM: OpenJDK 64-Bit Server VM Temurin-17.0.7+7 (17.0.7+7, mixed mode, tiered, compressed oops, compressed class ptrs, g1 gc, windows-amd64)
GC Precious Log:
 CPUs: 16 total, 16 available
 Memory: 15712M
 Large Page Support: Disabled
 NUMA Support: Disabled
 Compressed Oops: Enabled (Zero based)
 Heap Region Size: 2M
 Heap Min Capacity: 8M
 Heap Initial Capacity: 246M
 Heap Max Capacity: 3930M
 Pre-touch: Disabled
 Parallel Workers: 13
 Concurrent Workers: 3
 Concurrent Refinement Workers: 13
 Periodic GC: Disabled
Heap:
 garbage-first heap   total 143360K, used 18342K [0x000000070a600000, 0x0000000800000000)
  region size 2048K, 6 young (12288K), 1 survivors (2048K)
 Metaspace       used 31093K, committed 31296K, reserved 1114112K
  class space    used 3131K, committed 3200K, reserved 1048576K
GC Heap History (16 events):
Event: 3.316 GC heap before
{Heap before GC invocations=0 (full 0):
 garbage-first heap   total 251904K, used 20480K [0x000000070a600000, 0x0000000800000000)
  region size 2048K, 11 young (22528K), 0 survivors (0K)
 Metaspace       used 21318K, committed 21504K, reserved 1114112K
  class space    used 2160K, committed 2304K, reserved 1048576K
}
Event: 3.323 GC heap after
{Heap after GC invocations=1 (full 0):
 garbage-first heap   total 251904K, used 7741K [0x000000070a600000, 0x0000000800000000)
  region size 2048K, 2 young (4096K), 2 survivors (4096K)
 Metaspace       used 21318K, committed 21504K, reserved 1114112K
  class space    used 2160K, committed 2304K, reserved 1048576K
}
Event: 5.839 GC heap before
{Heap before GC invocations=2 (full 0):
 garbage-first heap   total 34816K, used 11837K [0x000000070a600000, 0x0000000800000000)
  region size 2048K, 4 young (8192K), 2 survivors (4096K)
 Metaspace       used 22093K, committed 22336K, reserved 1114112K
  class space    used 2224K, committed 2368K, reserved 1048576K
}
Event: 5.842 GC heap after
{Heap after GC invocations=3 (full 0):
 garbage-first heap   total 34816K, used 8208K [0x000000070a600000, 0x0000000800000000)
  region size 2048K, 1 young (2048K), 1 survivors (2048K)
 Metaspace       used 22093K, committed 22336K, reserved 1114112K
  class space    used 2224K, committed 2368K, reserved 1048576K
}
Event: 5.859 GC heap before
{Heap before GC invocations=3 (full 0):
 garbage-first heap   total 34816K, used 8208K [0x000000070a600000, 0x0000000800000000)
  region size 2048K, 2 young (4096K), 1 survivors (2048K)
 Metaspace       used 22593K, committed 22784K, reserved 1114112K
  class space    used 2258K, committed 2368K, reserved 1048576K
}
Event: 5.861 GC heap after
{Heap after GC invocations=4 (full 0):
 garbage-first heap   total 34816K, used 8204K [0x000000070a600000, 0x0000000800000000)
  region size 2048K, 1 young (2048K), 1 survivors (2048K)
 Metaspace       used 22593K, committed 22784K, reserved 1114112K
  class space    used 2258K, committed 2368K, reserved 1048576K
}
Event: 5.989 GC heap before
{Heap before GC invocations=4 (full 0):
 garbage-first heap   total 34816K, used 16396K [0x000000070a600000, 0x0000000800000000)
  region size 2048K, 6 young (12288K), 1 survivors (2048K)
 Metaspace       used 25647K, committed 25728K, reserved 1114112K
  class space    used 2581K, committed 2624K, reserved 1048576K
}
Event: 5.989 GC heap after
{Heap after GC invocations=5 (full 0):
 garbage-first heap   total 34816K, used 8759K [0x000000070a600000, 0x0000000800000000)
  region size 2048K, 1 young (2048K), 1 survivors (2048K)
 Metaspace       used 25647K, committed 25728K, reserved 1114112K
  class space    used 2581K, committed 2624K, reserved 1048576K
}
Event: 6.079 GC heap before
{Heap before GC invocations=5 (full 0):
 garbage-first heap   total 34816K, used 21047K [0x000000070a600000, 0x0000000800000000)
  region size 2048K, 7 young (14336K), 1 survivors (2048K)
 Metaspace       used 26115K, committed 26240K, reserved 1114112K
  class space    used 2613K, committed 2688K, reserved 1048576K
}
Event: 6.084 GC heap after
{Heap after GC invocations=6 (full 0):
 garbage-first heap   total 34816K, used 17637K [0x000000070a600000, 0x0000000800000000)
  region size 2048K, 1 young (2048K), 1 survivors (2048K)
 Metaspace       used 26115K, committed 26240K, reserved 1114112K
  class space    used 2613K, committed 2688K, reserved 1048576K
}
Event: 6.209 GC heap before
{Heap before GC invocations=6 (full 0):
 garbage-first heap   total 34816K, used 19685K [0x000000070a600000, 0x0000000800000000)
  region size 2048K, 3 young (6144K), 1 survivors (2048K)
 Metaspace       used 26352K, committed 26560K, reserved 1114112K
  class space    used 2632K, committed 2752K, reserved 1048576K
}
Event: 6.213 GC heap after
{Heap after GC invocations=7 (full 0):
 garbage-first heap   total 34816K, used 17375K [0x000000070a600000, 0x0000000800000000)
  region size 2048K, 1 young (2048K), 1 survivors (2048K)
 Metaspace       used 26352K, committed 26560K, reserved 1114112K
  class space    used 2632K, committed 2752K, reserved 1048576K
}
Event: 6.306 GC heap before
{Heap before GC invocations=8 (full 0):
 garbage-first heap   total 34816K, used 15327K [0x000000070a600000, 0x0000000800000000)
  region size 2048K, 3 young (6144K), 1 survivors (2048K)
 Metaspace       used 27830K, committed 27968K, reserved 1114112K
  class space    used 2780K, committed 2880K, reserved 1048576K
}
Event: 6.308 GC heap after
{Heap after GC invocations=9 (full 0):
 garbage-first heap   total 143360K, used 13295K [0x000000070a600000, 0x0000000800000000)
  region size 2048K, 1 young (2048K), 1 survivors (2048K)
 Metaspace       used 27830K, committed 27968K, reserved 1114112K
  class space    used 2780K, committed 2880K, reserved 1048576K
}
Event: 6.379 GC heap before
{Heap before GC invocations=9 (full 0):
 garbage-first heap   total 143360K, used 17391K [0x000000070a600000, 0x0000000800000000)
  region size 2048K, 3 young (6144K), 1 survivors (2048K)
 Metaspace       used 29230K, committed 29440K, reserved 1114112K
  class space    used 2920K, committed 3008K, reserved 1048576K
}
Event: 6.380 GC heap after
{Heap after GC invocations=10 (full 0):
 garbage-first heap   total 143360K, used 10150K [0x000000070a600000, 0x0000000800000000)
  region size 2048K, 1 young (2048K), 1 survivors (2048K)
 Metaspace       used 29230K, committed 29440K, reserved 1114112K
  class space    used 2920K, committed 3008K, reserved 1048576K
}

