# JRE version: OpenJDK Runtime Environment Temurin-17.0.7+7 (17.0.7+7) (build 17.0.7+7)
# Java VM: OpenJDK 64-Bit Server VM Temurin-17.0.7+7 (17.0.7+7, mixed mode, tiered, compressed oops, compressed class ptrs, g1 gc, windows-amd64)
GC Precious Log:
 CPUs: 16 total, 16 available
 Memory: 15712M
 Large Page Support: Disabled
 NUMA Support: Disabled
 Compressed Oops: Enabled (Zero based)
 Heap Region Size: 2M
 Heap Min Capacity: 8M
 Heap Initial Capacity: 246M
 Heap Max Capacity: 3930M
 Pre-touch: Disabled
 Parallel Workers: 13
 Concurrent Workers: 3
 Concurrent Refinement Workers: 13
 Periodic GC: Disabled
Heap:
 garbage-first heap   total 147456K, used 44487K [0x000000070a600000, 0x0000000800000000)
  region size 2048K, 13 young (26624K), 1 survivors (2048K)
 Metaspace       used 31211K, committed 31424K, reserved 1114112K
  class space    used 3163K, committed 3264K, reserved 1048576K
GC Heap History (12 events):
Event: 3.526 GC heap before
{Heap before GC invocations=0 (full 0):
 garbage-first heap   total 251904K, used 20480K [0x000000070a600000, 0x0000000800000000)
  region size 2048K, 11 young (22528K), 0 survivors (0K)
 Metaspace       used 21329K, committed 21504K, reserved 1114112K
  class space    used 2172K, committed 2304K, reserved 1048576K
}
Event: 3.531 GC heap after
{Heap after GC invocations=1 (full 0):
 garbage-first heap   total 251904K, used 7240K [0x000000070a600000, 0x0000000800000000)
  region size 2048K, 2 young (4096K), 2 survivors (4096K)
 Metaspace       used 21329K, committed 21504K, reserved 1114112K
  class space    used 2172K, committed 2304K, reserved 1048576K
}
Event: 6.851 GC heap before
{Heap before GC invocations=2 (full 0):
 garbage-first heap   total 34816K, used 23624K [0x000000070a600000, 0x0000000800000000)
  region size 2048K, 7 young (14336K), 2 survivors (4096K)
 Metaspace       used 23938K, committed 24128K, reserved 1114112K
  class space    used 2399K, committed 2496K, reserved 1048576K
}
Event: 6.855 GC heap after
{Heap after GC invocations=3 (full 0):
 garbage-first heap   total 34816K, used 14766K [0x000000070a600000, 0x0000000800000000)
  region size 2048K, 1 young (2048K), 1 survivors (2048K)
 Metaspace       used 23938K, committed 24128K, reserved 1114112K
  class space    used 2399K, committed 2496K, reserved 1048576K
}
Event: 6.886 GC heap before
{Heap before GC invocations=3 (full 0):
 garbage-first heap   total 34816K, used 16814K [0x000000070a600000, 0x0000000800000000)
  region size 2048K, 2 young (4096K), 1 survivors (2048K)
 Metaspace       used 24591K, committed 24832K, reserved 1114112K
  class space    used 2461K, committed 2560K, reserved 1048576K
}
Event: 6.888 GC heap after
{Heap after GC invocations=4 (full 0):
 garbage-first heap   total 34816K, used 14764K [0x000000070a600000, 0x0000000800000000)
  region size 2048K, 1 young (2048K), 1 survivors (2048K)
 Metaspace       used 24591K, committed 24832K, reserved 1114112K
  class space    used 2461K, committed 2560K, reserved 1048576K
}
Event: 6.972 GC heap before
{Heap before GC invocations=4 (full 0):
 garbage-first heap   total 34816K, used 22956K [0x000000070a600000, 0x0000000800000000)
  region size 2048K, 5 young (10240K), 1 survivors (2048K)
 Metaspace       used 26196K, committed 26368K, reserved 1114112K
  class space    used 2647K, committed 2752K, reserved 1048576K
}
Event: 6.974 GC heap after
{Heap after GC invocations=5 (full 0):
 garbage-first heap   total 34816K, used 16740K [0x000000070a600000, 0x0000000800000000)
  region size 2048K, 1 young (2048K), 1 survivors (2048K)
 Metaspace       used 26196K, committed 26368K, reserved 1114112K
  class space    used 2647K, committed 2752K, reserved 1048576K
}
Event: 7.029 GC heap before
{Heap before GC invocations=5 (full 0):
 garbage-first heap   total 34816K, used 22884K [0x000000070a600000, 0x0000000800000000)
  region size 2048K, 4 young (8192K), 1 survivors (2048K)
 Metaspace       used 26212K, committed 26368K, reserved 1114112K
  class space    used 2647K, committed 2752K, reserved 1048576K
}
Event: 7.033 GC heap after
{Heap after GC invocations=6 (full 0):
 garbage-first heap   total 34816K, used 21771K [0x000000070a600000, 0x0000000800000000)
  region size 2048K, 1 young (2048K), 1 survivors (2048K)
 Metaspace       used 26212K, committed 26368K, reserved 1114112K
  class space    used 2647K, committed 2752K, reserved 1048576K
}
Event: 7.049 GC heap before
{Heap before GC invocations=7 (full 0):
 garbage-first heap   total 40960K, used 23819K [0x000000070a600000, 0x0000000800000000)
  region size 2048K, 2 young (4096K), 1 survivors (2048K)
 Metaspace       used 26212K, committed 26368K, reserved 1114112K
  class space    used 2647K, committed 2752K, reserved 1048576K
}
Event: 7.051 GC heap after
{Heap after GC invocations=8 (full 0):
 garbage-first heap   total 147456K, used 24007K [0x000000070a600000, 0x0000000800000000)
  region size 2048K, 1 young (2048K), 1 survivors (2048K)
 Metaspace       used 26212K, committed 26368K, reserved 1114112K
  class space    used 2647K, committed 2752K, reserved 1048576K
}

