# JRE version: OpenJDK Runtime Environment Temurin-17.0.7+7 (17.0.7+7) (build 17.0.7+7)
# Java VM: OpenJDK 64-Bit Server VM Temurin-17.0.7+7 (17.0.7+7, mixed mode, tiered, compressed oops, compressed class ptrs, g1 gc, windows-amd64)
GC Precious Log:
 CPUs: 16 total, 16 available
 Memory: 15712M
 Large Page Support: Disabled
 NUMA Support: Disabled
 Compressed Oops: Enabled (Zero based)
 Heap Region Size: 2M
 Heap Min Capacity: 8M
 Heap Initial Capacity: 246M
 Heap Max Capacity: 3930M
 Pre-touch: Disabled
 Parallel Workers: 13
 Concurrent Workers: 3
 Concurrent Refinement Workers: 13
 Periodic GC: Disabled
Heap:
 garbage-first heap   total 249856K, used 105652K [0x000000070a600000, 0x0000000800000000)
  region size 2048K, 30 young (61440K), 4 survivors (8192K)
 Metaspace       used 81139K, committed 81792K, reserved 1179648K
  class space    used 9963K, committed 10304K, reserved 1048576K
GC Heap History (20 events):
Event: 87.541 GC heap before
{Heap before GC invocations=63 (full 2):
 garbage-first heap   total 206848K, used 159730K [0x000000070a600000, 0x0000000800000000)
  region size 2048K, 58 young (118784K), 4 survivors (8192K)
 Metaspace       used 58716K, committed 59328K, reserved 1114112K
  class space    used 7202K, committed 7552K, reserved 1048576K
}
Event: 87.542 GC heap after
{Heap after GC invocations=64 (full 2):
 garbage-first heap   total 206848K, used 48772K [0x000000070a600000, 0x0000000800000000)
  region size 2048K, 3 young (6144K), 3 survivors (6144K)
 Metaspace       used 58716K, committed 59328K, reserved 1114112K
  class space    used 7202K, committed 7552K, reserved 1048576K
}
Event: 87.931 GC heap before
{Heap before GC invocations=64 (full 2):
 garbage-first heap   total 206848K, used 183940K [0x000000070a600000, 0x0000000800000000)
  region size 2048K, 59 young (120832K), 3 survivors (6144K)
 Metaspace       used 58720K, committed 59328K, reserved 1114112K
  class space    used 7202K, committed 7552K, reserved 1048576K
}
Event: 87.933 GC heap after
{Heap after GC invocations=65 (full 2):
 garbage-first heap   total 206848K, used 59461K [0x000000070a600000, 0x0000000800000000)
  region size 2048K, 4 young (8192K), 4 survivors (8192K)
 Metaspace       used 58720K, committed 59328K, reserved 1114112K
  class space    used 7202K, committed 7552K, reserved 1048576K
}
Event: 88.146 GC heap before
{Heap before GC invocations=65 (full 2):
 garbage-first heap   total 206848K, used 163909K [0x000000070a600000, 0x0000000800000000)
  region size 2048K, 55 young (112640K), 4 survivors (8192K)
 Metaspace       used 58720K, committed 59328K, reserved 1114112K
  class space    used 7202K, committed 7552K, reserved 1048576K
}
Event: 88.149 GC heap after
{Heap after GC invocations=66 (full 2):
 garbage-first heap   total 206848K, used 59286K [0x000000070a600000, 0x0000000800000000)
  region size 2048K, 3 young (6144K), 3 survivors (6144K)
 Metaspace       used 58720K, committed 59328K, reserved 1114112K
  class space    used 7202K, committed 7552K, reserved 1048576K
}
Event: 88.387 GC heap before
{Heap before GC invocations=66 (full 2):
 garbage-first heap   total 206848K, used 167830K [0x000000070a600000, 0x0000000800000000)
  region size 2048K, 56 young (114688K), 3 survivors (6144K)
 Metaspace       used 58720K, committed 59328K, reserved 1114112K
  class space    used 7202K, committed 7552K, reserved 1048576K
}
Event: 88.390 GC heap after
{Heap after GC invocations=67 (full 2):
 garbage-first heap   total 206848K, used 58881K [0x000000070a600000, 0x0000000800000000)
  region size 2048K, 3 young (6144K), 3 survivors (6144K)
 Metaspace       used 58720K, committed 59328K, reserved 1114112K
  class space    used 7202K, committed 7552K, reserved 1048576K
}
Event: 88.617 GC heap before
{Heap before GC invocations=67 (full 2):
 garbage-first heap   total 206848K, used 167425K [0x000000070a600000, 0x0000000800000000)
  region size 2048K, 56 young (114688K), 3 survivors (6144K)
 Metaspace       used 58720K, committed 59328K, reserved 1114112K
  class space    used 7202K, committed 7552K, reserved 1048576K
}
Event: 88.619 GC heap after
{Heap after GC invocations=68 (full 2):
 garbage-first heap   total 206848K, used 60108K [0x000000070a600000, 0x0000000800000000)
  region size 2048K, 4 young (8192K), 4 survivors (8192K)
 Metaspace       used 58720K, committed 59328K, reserved 1114112K
  class space    used 7202K, committed 7552K, reserved 1048576K
}
Event: 88.898 GC heap before
{Heap before GC invocations=68 (full 2):
 garbage-first heap   total 206848K, used 166604K [0x000000070a600000, 0x0000000800000000)
  region size 2048K, 56 young (114688K), 4 survivors (8192K)
 Metaspace       used 58720K, committed 59328K, reserved 1114112K
  class space    used 7202K, committed 7552K, reserved 1048576K
}
Event: 88.900 GC heap after
{Heap after GC invocations=69 (full 2):
 garbage-first heap   total 249856K, used 58712K [0x000000070a600000, 0x0000000800000000)
  region size 2048K, 3 young (6144K), 3 survivors (6144K)
 Metaspace       used 58720K, committed 59328K, reserved 1114112K
  class space    used 7202K, committed 7552K, reserved 1048576K
}
Event: 89.405 GC heap before
{Heap before GC invocations=69 (full 2):
 garbage-first heap   total 249856K, used 202072K [0x000000070a600000, 0x0000000800000000)
  region size 2048K, 73 young (149504K), 3 survivors (6144K)
 Metaspace       used 58720K, committed 59328K, reserved 1114112K
  class space    used 7202K, committed 7552K, reserved 1048576K
}
Event: 89.407 GC heap after
{Heap after GC invocations=70 (full 2):
 garbage-first heap   total 249856K, used 60021K [0x000000070a600000, 0x0000000800000000)
  region size 2048K, 4 young (8192K), 4 survivors (8192K)
 Metaspace       used 58720K, committed 59328K, reserved 1114112K
  class space    used 7202K, committed 7552K, reserved 1048576K
}
Event: 89.670 GC heap before
{Heap before GC invocations=70 (full 2):
 garbage-first heap   total 249856K, used 201333K [0x000000070a600000, 0x0000000800000000)
  region size 2048K, 73 young (149504K), 4 survivors (8192K)
 Metaspace       used 58720K, committed 59328K, reserved 1114112K
  class space    used 7202K, committed 7552K, reserved 1048576K
}
Event: 89.676 GC heap after
{Heap after GC invocations=71 (full 2):
 garbage-first heap   total 249856K, used 67971K [0x000000070a600000, 0x0000000800000000)
  region size 2048K, 8 young (16384K), 8 survivors (16384K)
 Metaspace       used 58720K, committed 59328K, reserved 1114112K
  class space    used 7202K, committed 7552K, reserved 1048576K
}
Event: 89.942 GC heap before
{Heap before GC invocations=71 (full 2):
 garbage-first heap   total 249856K, used 196995K [0x000000070a600000, 0x0000000800000000)
  region size 2048K, 71 young (145408K), 8 survivors (16384K)
 Metaspace       used 58720K, committed 59328K, reserved 1114112K
  class space    used 7202K, committed 7552K, reserved 1048576K
}
Event: 89.946 GC heap after
{Heap after GC invocations=72 (full 2):
 garbage-first heap   total 249856K, used 60198K [0x000000070a600000, 0x0000000800000000)
  region size 2048K, 1 young (2048K), 1 survivors (2048K)
 Metaspace       used 58720K, committed 59328K, reserved 1114112K
  class space    used 7202K, committed 7552K, reserved 1048576K
}
Event: 148.997 GC heap before
{Heap before GC invocations=72 (full 2):
 garbage-first heap   total 249856K, used 201510K [0x000000070a600000, 0x0000000800000000)
  region size 2048K, 70 young (143360K), 1 survivors (2048K)
 Metaspace       used 71789K, committed 72320K, reserved 1114112K
  class space    used 8824K, committed 9088K, reserved 1048576K
}
Event: 149.004 GC heap after
{Heap after GC invocations=73 (full 2):
 garbage-first heap   total 249856K, used 56500K [0x000000070a600000, 0x0000000800000000)
  region size 2048K, 4 young (8192K), 4 survivors (8192K)
 Metaspace       used 71789K, committed 72320K, reserved 1114112K
  class space    used 8824K, committed 9088K, reserved 1048576K
}

