# JRE version: OpenJDK Runtime Environment Temurin-17.0.7+7 (17.0.7+7) (build 17.0.7+7)
# Java VM: OpenJDK 64-Bit Server VM Temurin-17.0.7+7 (17.0.7+7, mixed mode, tiered, compressed oops, compressed class ptrs, g1 gc, windows-amd64)
GC Precious Log:
 CPUs: 16 total, 16 available
 Memory: 15712M
 Large Page Support: Disabled
 NUMA Support: Disabled
 Compressed Oops: Enabled (Zero based)
 Heap Region Size: 2M
 Heap Min Capacity: 8M
 Heap Initial Capacity: 246M
 Heap Max Capacity: 3930M
 Pre-touch: Disabled
 Parallel Workers: 13
 Concurrent Workers: 3
 Concurrent Refinement Workers: 13
 Periodic GC: Disabled
Heap:
 garbage-first heap   total 286720K, used 93531K [0x000000070a600000, 0x0000000800000000)
  region size 2048K, 17 young (34816K), 3 survivors (6144K)
 Metaspace       used 118662K, committed 121408K, reserved 1179648K
  class space    used 15623K, committed 17216K, reserved 1048576K
GC Heap History (20 events):
Event: 3320.382 GC heap before
{Heap before GC invocations=1925 (full 84):
 garbage-first heap   total 219136K, used 180923K [0x000000070a600000, 0x0000000800000000)
  region size 2048K, 60 young (122880K), 3 survivors (6144K)
 Metaspace       used 117219K, committed 119936K, reserved 1179648K
  class space    used 15451K, committed 17024K, reserved 1048576K
}
Event: 3320.385 GC heap after
{Heap after GC invocations=1926 (full 84):
 garbage-first heap   total 219136K, used 64732K [0x000000070a600000, 0x0000000800000000)
  region size 2048K, 3 young (6144K), 3 survivors (6144K)
 Metaspace       used 117219K, committed 119936K, reserved 1179648K
  class space    used 15451K, committed 17024K, reserved 1048576K
}
Event: 3320.610 GC heap before
{Heap before GC invocations=1926 (full 84):
 garbage-first heap   total 219136K, used 181468K [0x000000070a600000, 0x0000000800000000)
  region size 2048K, 60 young (122880K), 3 survivors (6144K)
 Metaspace       used 117227K, committed 119936K, reserved 1179648K
  class space    used 15451K, committed 17024K, reserved 1048576K
}
Event: 3320.613 GC heap after
{Heap after GC invocations=1927 (full 84):
 garbage-first heap   total 219136K, used 64015K [0x000000070a600000, 0x0000000800000000)
  region size 2048K, 3 young (6144K), 3 survivors (6144K)
 Metaspace       used 117227K, committed 119936K, reserved 1179648K
  class space    used 15451K, committed 17024K, reserved 1048576K
}
Event: 3320.705 GC heap before
{Heap before GC invocations=1928 (full 84):
 garbage-first heap   total 219136K, used 180751K [0x000000070a600000, 0x0000000800000000)
  region size 2048K, 60 young (122880K), 3 survivors (6144K)
 Metaspace       used 117227K, committed 119936K, reserved 1179648K
  class space    used 15451K, committed 17024K, reserved 1048576K
}
Event: 3320.706 GC heap after
{Heap after GC invocations=1929 (full 84):
 garbage-first heap   total 219136K, used 64961K [0x000000070a600000, 0x0000000800000000)
  region size 2048K, 4 young (8192K), 4 survivors (8192K)
 Metaspace       used 117227K, committed 119936K, reserved 1179648K
  class space    used 15451K, committed 17024K, reserved 1048576K
}
Event: 3320.737 GC heap before
{Heap before GC invocations=1929 (full 84):
 garbage-first heap   total 219136K, used 81345K [0x000000070a600000, 0x0000000800000000)
  region size 2048K, 13 young (26624K), 4 survivors (8192K)
 Metaspace       used 117227K, committed 119936K, reserved 1179648K
  class space    used 15451K, committed 17024K, reserved 1048576K
}
Event: 3320.739 GC heap after
{Heap after GC invocations=1930 (full 84):
 garbage-first heap   total 219136K, used 64398K [0x000000070a600000, 0x0000000800000000)
  region size 2048K, 3 young (6144K), 3 survivors (6144K)
 Metaspace       used 117227K, committed 119936K, reserved 1179648K
  class space    used 15451K, committed 17024K, reserved 1048576K
}
Event: 3321.034 GC heap before
{Heap before GC invocations=1931 (full 84):
 garbage-first heap   total 219136K, used 201614K [0x000000070a600000, 0x0000000800000000)
  region size 2048K, 59 young (120832K), 3 survivors (6144K)
 Metaspace       used 117230K, committed 119936K, reserved 1179648K
  class space    used 15451K, committed 17024K, reserved 1048576K
}
Event: 3321.037 GC heap after
{Heap after GC invocations=1932 (full 84):
 garbage-first heap   total 219136K, used 77708K [0x000000070a600000, 0x0000000800000000)
  region size 2048K, 4 young (8192K), 4 survivors (8192K)
 Metaspace       used 117230K, committed 119936K, reserved 1179648K
  class space    used 15451K, committed 17024K, reserved 1048576K
}
Event: 3321.245 GC heap before
{Heap before GC invocations=1932 (full 84):
 garbage-first heap   total 219136K, used 180108K [0x000000070a600000, 0x0000000800000000)
  region size 2048K, 54 young (110592K), 4 survivors (8192K)
 Metaspace       used 117230K, committed 119936K, reserved 1179648K
  class space    used 15451K, committed 17024K, reserved 1048576K
}
Event: 3321.249 GC heap after
{Heap after GC invocations=1933 (full 84):
 garbage-first heap   total 530432K, used 77532K [0x000000070a600000, 0x0000000800000000)
  region size 2048K, 4 young (8192K), 4 survivors (8192K)
 Metaspace       used 117230K, committed 119936K, reserved 1179648K
  class space    used 15451K, committed 17024K, reserved 1048576K
}
Event: 3321.670 GC heap before
{Heap before GC invocations=1934 (full 84):
 garbage-first heap   total 362496K, used 286428K [0x000000070a600000, 0x0000000800000000)
  region size 2048K, 106 young (217088K), 4 survivors (8192K)
 Metaspace       used 117368K, committed 120064K, reserved 1179648K
  class space    used 15469K, committed 17024K, reserved 1048576K
}
Event: 3321.673 GC heap after
{Heap after GC invocations=1935 (full 84):
 garbage-first heap   total 362496K, used 78611K [0x000000070a600000, 0x0000000800000000)
  region size 2048K, 4 young (8192K), 4 survivors (8192K)
 Metaspace       used 117368K, committed 120064K, reserved 1179648K
  class space    used 15469K, committed 17024K, reserved 1048576K
}
Event: 3322.205 GC heap before
{Heap before GC invocations=1935 (full 84):
 garbage-first heap   total 362496K, used 287507K [0x000000070a600000, 0x0000000800000000)
  region size 2048K, 106 young (217088K), 4 survivors (8192K)
 Metaspace       used 117368K, committed 120064K, reserved 1179648K
  class space    used 15469K, committed 17024K, reserved 1048576K
}
Event: 3322.209 GC heap after
{Heap after GC invocations=1936 (full 84):
 garbage-first heap   total 362496K, used 82402K [0x000000070a600000, 0x0000000800000000)
  region size 2048K, 6 young (12288K), 6 survivors (12288K)
 Metaspace       used 117368K, committed 120064K, reserved 1179648K
  class space    used 15469K, committed 17024K, reserved 1048576K
}
Event: 3322.629 GC heap before
{Heap before GC invocations=1937 (full 84):
 garbage-first heap   total 362496K, used 287202K [0x000000070a600000, 0x0000000800000000)
  region size 2048K, 106 young (217088K), 6 survivors (12288K)
 Metaspace       used 117368K, committed 120064K, reserved 1179648K
  class space    used 15469K, committed 17024K, reserved 1048576K
}
Event: 3322.635 GC heap after
{Heap after GC invocations=1938 (full 84):
 garbage-first heap   total 362496K, used 87781K [0x000000070a600000, 0x0000000800000000)
  region size 2048K, 9 young (18432K), 9 survivors (18432K)
 Metaspace       used 117368K, committed 120064K, reserved 1179648K
  class space    used 15469K, committed 17024K, reserved 1048576K
}
Event: 3323.498 GC heap before
{Heap before GC invocations=1938 (full 84):
 garbage-first heap   total 362496K, used 286437K [0x000000070a600000, 0x0000000800000000)
  region size 2048K, 106 young (217088K), 9 survivors (18432K)
 Metaspace       used 117373K, committed 120064K, reserved 1179648K
  class space    used 15469K, committed 17024K, reserved 1048576K
}
Event: 3323.500 GC heap after
{Heap after GC invocations=1939 (full 84):
 garbage-first heap   total 362496K, used 68955K [0x000000070a600000, 0x0000000800000000)
  region size 2048K, 3 young (6144K), 3 survivors (6144K)
 Metaspace       used 117373K, committed 120064K, reserved 1179648K
  class space    used 15469K, committed 17024K, reserved 1048576K
}

