# JRE version: OpenJDK Runtime Environment Temurin-17.0.7+7 (17.0.7+7) (build 17.0.7+7)
# Java VM: OpenJDK 64-Bit Server VM Temurin-17.0.7+7 (17.0.7+7, mixed mode, tiered, compressed oops, compressed class ptrs, g1 gc, windows-amd64)
GC Precious Log:
 CPUs: 16 total, 16 available
 Memory: 15712M
 Large Page Support: Disabled
 NUMA Support: Disabled
 Compressed Oops: Enabled (Zero based)
 Heap Region Size: 2M
 Heap Min Capacity: 8M
 Heap Initial Capacity: 246M
 Heap Max Capacity: 3930M
 Pre-touch: Disabled
 Parallel Workers: 13
 Concurrent Workers: 3
 Concurrent Refinement Workers: 13
 Periodic GC: Disabled
Heap:
 garbage-first heap   total 323584K, used 190244K [0x000000070a600000, 0x0000000800000000)
  region size 2048K, 53 young (108544K), 1 survivors (2048K)
 Metaspace       used 80574K, committed 81216K, reserved 1179648K
  class space    used 9921K, committed 10240K, reserved 1048576K
GC Heap History (20 events):
Event: 11.411 GC heap before
{Heap before GC invocations=27 (full 0):
 garbage-first heap   total 268288K, used 224949K [0x000000070a600000, 0x0000000800000000)
  region size 2048K, 78 young (159744K), 3 survivors (6144K)
 Metaspace       used 50989K, committed 51520K, reserved 1114112K
  class space    used 6132K, committed 6400K, reserved 1048576K
}
Event: 11.413 GC heap after
{Heap after GC invocations=28 (full 0):
 garbage-first heap   total 323584K, used 72367K [0x000000070a600000, 0x0000000800000000)
  region size 2048K, 3 young (6144K), 3 survivors (6144K)
 Metaspace       used 50989K, committed 51520K, reserved 1114112K
  class space    used 6132K, committed 6400K, reserved 1048576K
}
Event: 13.887 GC heap before
{Heap before GC invocations=28 (full 0):
 garbage-first heap   total 323584K, used 281263K [0x000000070a600000, 0x0000000800000000)
  region size 2048K, 94 young (192512K), 3 survivors (6144K)
 Metaspace       used 57579K, committed 58112K, reserved 1114112K
  class space    used 7097K, committed 7360K, reserved 1048576K
}
Event: 13.925 GC heap after
{Heap after GC invocations=29 (full 0):
 garbage-first heap   total 323584K, used 84716K [0x000000070a600000, 0x0000000800000000)
  region size 2048K, 4 young (8192K), 4 survivors (8192K)
 Metaspace       used 57579K, committed 58112K, reserved 1114112K
  class space    used 7097K, committed 7360K, reserved 1048576K
}
Event: 16.021 GC heap before
{Heap before GC invocations=29 (full 0):
 garbage-first heap   total 323584K, used 197356K [0x000000070a600000, 0x0000000800000000)
  region size 2048K, 61 young (124928K), 4 survivors (8192K)
 Metaspace       used 59815K, committed 60352K, reserved 1114112K
  class space    used 7366K, committed 7616K, reserved 1048576K
}
Event: 16.027 GC heap after
{Heap after GC invocations=30 (full 0):
 garbage-first heap   total 323584K, used 86332K [0x000000070a600000, 0x0000000800000000)
  region size 2048K, 5 young (10240K), 5 survivors (10240K)
 Metaspace       used 59815K, committed 60352K, reserved 1114112K
  class space    used 7366K, committed 7616K, reserved 1048576K
}
Event: 16.590 GC heap before
{Heap before GC invocations=31 (full 0):
 garbage-first heap   total 323584K, used 270652K [0x000000070a600000, 0x0000000800000000)
  region size 2048K, 94 young (192512K), 5 survivors (10240K)
 Metaspace       used 62997K, committed 63616K, reserved 1114112K
  class space    used 7768K, committed 8064K, reserved 1048576K
}
Event: 16.596 GC heap after
{Heap after GC invocations=32 (full 0):
 garbage-first heap   total 323584K, used 89953K [0x000000070a600000, 0x0000000800000000)
  region size 2048K, 6 young (12288K), 6 survivors (12288K)
 Metaspace       used 62997K, committed 63616K, reserved 1114112K
  class space    used 7768K, committed 8064K, reserved 1048576K
}
Event: 16.602 GC heap before
{Heap before GC invocations=32 (full 0):
 garbage-first heap   total 323584K, used 92001K [0x000000070a600000, 0x0000000800000000)
  region size 2048K, 7 young (14336K), 6 survivors (12288K)
 Metaspace       used 63133K, committed 63680K, reserved 1114112K
  class space    used 7783K, committed 8064K, reserved 1048576K
}
Event: 16.608 GC heap after
{Heap after GC invocations=33 (full 0):
 garbage-first heap   total 323584K, used 83203K [0x000000070a600000, 0x0000000800000000)
  region size 2048K, 1 young (2048K), 1 survivors (2048K)
 Metaspace       used 63133K, committed 63680K, reserved 1114112K
  class space    used 7783K, committed 8064K, reserved 1048576K
}
Event: 17.177 GC heap before
{Heap before GC invocations=33 (full 0):
 garbage-first heap   total 323584K, used 271619K [0x000000070a600000, 0x0000000800000000)
  region size 2048K, 94 young (192512K), 1 survivors (2048K)
 Metaspace       used 68528K, committed 69184K, reserved 1114112K
  class space    used 8446K, committed 8768K, reserved 1048576K
}
Event: 17.180 GC heap after
{Heap after GC invocations=34 (full 0):
 garbage-first heap   total 323584K, used 86133K [0x000000070a600000, 0x0000000800000000)
  region size 2048K, 3 young (6144K), 3 survivors (6144K)
 Metaspace       used 68528K, committed 69184K, reserved 1114112K
  class space    used 8446K, committed 8768K, reserved 1048576K
}
Event: 17.874 GC heap before
{Heap before GC invocations=35 (full 0):
 garbage-first heap   total 323584K, used 272501K [0x000000070a600000, 0x0000000800000000)
  region size 2048K, 94 young (192512K), 3 survivors (6144K)
 Metaspace       used 73195K, committed 73856K, reserved 1114112K
  class space    used 9094K, committed 9408K, reserved 1048576K
}
Event: 17.879 GC heap after
{Heap after GC invocations=36 (full 0):
 garbage-first heap   total 323584K, used 88635K [0x000000070a600000, 0x0000000800000000)
  region size 2048K, 4 young (8192K), 4 survivors (8192K)
 Metaspace       used 73195K, committed 73856K, reserved 1114112K
  class space    used 9094K, committed 9408K, reserved 1048576K
}
Event: 17.889 GC heap before
{Heap before GC invocations=36 (full 0):
 garbage-first heap   total 323584K, used 94779K [0x000000070a600000, 0x0000000800000000)
  region size 2048K, 7 young (14336K), 4 survivors (8192K)
 Metaspace       used 73195K, committed 73856K, reserved 1114112K
  class space    used 9094K, committed 9408K, reserved 1048576K
}
Event: 17.893 GC heap after
{Heap after GC invocations=37 (full 0):
 garbage-first heap   total 323584K, used 85831K [0x000000070a600000, 0x0000000800000000)
  region size 2048K, 1 young (2048K), 1 survivors (2048K)
 Metaspace       used 73195K, committed 73856K, reserved 1114112K
  class space    used 9094K, committed 9408K, reserved 1048576K
}
Event: 18.508 GC heap before
{Heap before GC invocations=37 (full 0):
 garbage-first heap   total 323584K, used 274247K [0x000000070a600000, 0x0000000800000000)
  region size 2048K, 93 young (190464K), 1 survivors (2048K)
 Metaspace       used 74378K, committed 75008K, reserved 1179648K
  class space    used 9271K, committed 9600K, reserved 1048576K
}
Event: 18.510 GC heap after
{Heap after GC invocations=38 (full 0):
 garbage-first heap   total 323584K, used 86808K [0x000000070a600000, 0x0000000800000000)
  region size 2048K, 2 young (4096K), 2 survivors (4096K)
 Metaspace       used 74378K, committed 75008K, reserved 1179648K
  class space    used 9271K, committed 9600K, reserved 1048576K
}
Event: 18.927 GC heap before
{Heap before GC invocations=38 (full 0):
 garbage-first heap   total 323584K, used 275224K [0x000000070a600000, 0x0000000800000000)
  region size 2048K, 94 young (192512K), 2 survivors (4096K)
 Metaspace       used 74378K, committed 75008K, reserved 1179648K
  class space    used 9271K, committed 9600K, reserved 1048576K
}
Event: 18.928 GC heap after
{Heap after GC invocations=39 (full 0):
 garbage-first heap   total 323584K, used 85796K [0x000000070a600000, 0x0000000800000000)
  region size 2048K, 1 young (2048K), 1 survivors (2048K)
 Metaspace       used 74378K, committed 75008K, reserved 1179648K
  class space    used 9271K, committed 9600K, reserved 1048576K
}

