# JRE version: OpenJDK Runtime Environment Temurin-17.0.7+7 (17.0.7+7) (build 17.0.7+7)
# Java VM: OpenJDK 64-Bit Server VM Temurin-17.0.7+7 (17.0.7+7, mixed mode, tiered, compressed oops, compressed class ptrs, g1 gc, windows-amd64)
GC Precious Log:
 CPUs: 16 total, 16 available
 Memory: 15712M
 Large Page Support: Disabled
 NUMA Support: Disabled
 Compressed Oops: Enabled (Zero based)
 Heap Region Size: 2M
 Heap Min Capacity: 8M
 Heap Initial Capacity: 246M
 Heap Max Capacity: 3930M
 Pre-touch: Disabled
 Parallel Workers: 13
 Concurrent Workers: 3
 Concurrent Refinement Workers: 13
 Periodic GC: Disabled
Heap:
 garbage-first heap   total 266240K, used 146812K [0x000000070a600000, 0x0000000800000000)
  region size 2048K, 39 young (79872K), 1 survivors (2048K)
 Metaspace       used 80594K, committed 81280K, reserved 1179648K
  class space    used 9915K, committed 10240K, reserved 1048576K
GC Heap History (20 events):
Event: 25.128 GC heap before
{Heap before GC invocations=30 (full 0):
 garbage-first heap   total 241664K, used 224977K [0x000000070a600000, 0x0000000800000000)
  region size 2048K, 68 young (139264K), 5 survivors (10240K)
 Metaspace       used 55546K, committed 56064K, reserved 1114112K
  class space    used 6854K, committed 7104K, reserved 1048576K
}
Event: 25.133 GC heap after
{Heap after GC invocations=31 (full 0):
 garbage-first heap   total 241664K, used 84199K [0x000000070a600000, 0x0000000800000000)
  region size 2048K, 4 young (8192K), 4 survivors (8192K)
 Metaspace       used 55546K, committed 56064K, reserved 1114112K
  class space    used 6854K, committed 7104K, reserved 1048576K
}
Event: 25.501 GC heap before
{Heap before GC invocations=31 (full 0):
 garbage-first heap   total 241664K, used 205031K [0x000000070a600000, 0x0000000800000000)
  region size 2048K, 63 young (129024K), 4 survivors (8192K)
 Metaspace       used 55546K, committed 56064K, reserved 1114112K
  class space    used 6854K, committed 7104K, reserved 1048576K
}
Event: 25.505 GC heap after
{Heap after GC invocations=32 (full 0):
 garbage-first heap   total 241664K, used 87141K [0x000000070a600000, 0x0000000800000000)
  region size 2048K, 5 young (10240K), 5 survivors (10240K)
 Metaspace       used 55546K, committed 56064K, reserved 1114112K
  class space    used 6854K, committed 7104K, reserved 1048576K
}
Event: 25.957 GC heap before
{Heap before GC invocations=32 (full 0):
 garbage-first heap   total 241664K, used 203877K [0x000000070a600000, 0x0000000800000000)
  region size 2048K, 62 young (126976K), 5 survivors (10240K)
 Metaspace       used 55547K, committed 56064K, reserved 1114112K
  class space    used 6854K, committed 7104K, reserved 1048576K
}
Event: 25.962 GC heap after
{Heap after GC invocations=33 (full 0):
 garbage-first heap   total 290816K, used 83787K [0x000000070a600000, 0x0000000800000000)
  region size 2048K, 2 young (4096K), 2 survivors (4096K)
 Metaspace       used 55547K, committed 56064K, reserved 1114112K
  class space    used 6854K, committed 7104K, reserved 1048576K
}
Event: 26.541 GC heap before
{Heap before GC invocations=33 (full 0):
 garbage-first heap   total 290816K, used 247627K [0x000000070a600000, 0x0000000800000000)
  region size 2048K, 82 young (167936K), 2 survivors (4096K)
 Metaspace       used 55547K, committed 56064K, reserved 1114112K
  class space    used 6854K, committed 7104K, reserved 1048576K
}
Event: 26.544 GC heap after
{Heap after GC invocations=34 (full 0):
 garbage-first heap   total 290816K, used 83308K [0x000000070a600000, 0x0000000800000000)
  region size 2048K, 2 young (4096K), 2 survivors (4096K)
 Metaspace       used 55547K, committed 56064K, reserved 1114112K
  class space    used 6854K, committed 7104K, reserved 1048576K
}
Event: 27.043 GC heap before
{Heap before GC invocations=34 (full 0):
 garbage-first heap   total 290816K, used 249196K [0x000000070a600000, 0x0000000800000000)
  region size 2048K, 83 young (169984K), 2 survivors (4096K)
 Metaspace       used 55547K, committed 56064K, reserved 1114112K
  class space    used 6854K, committed 7104K, reserved 1048576K
}
Event: 27.046 GC heap after
{Heap after GC invocations=35 (full 0):
 garbage-first heap   total 290816K, used 86679K [0x000000070a600000, 0x0000000800000000)
  region size 2048K, 4 young (8192K), 4 survivors (8192K)
 Metaspace       used 55547K, committed 56064K, reserved 1114112K
  class space    used 6854K, committed 7104K, reserved 1048576K
}
Event: 27.589 GC heap before
{Heap before GC invocations=35 (full 0):
 garbage-first heap   total 290816K, used 248471K [0x000000070a600000, 0x0000000800000000)
  region size 2048K, 83 young (169984K), 4 survivors (8192K)
 Metaspace       used 55547K, committed 56064K, reserved 1114112K
  class space    used 6854K, committed 7104K, reserved 1048576K
}
Event: 27.592 GC heap after
{Heap after GC invocations=36 (full 0):
 garbage-first heap   total 290816K, used 89877K [0x000000070a600000, 0x0000000800000000)
  region size 2048K, 5 young (10240K), 5 survivors (10240K)
 Metaspace       used 55547K, committed 56064K, reserved 1114112K
  class space    used 6854K, committed 7104K, reserved 1048576K
}
Event: 29.207 GC heap before
{Heap before GC invocations=36 (full 0):
 garbage-first heap   total 290816K, used 245525K [0x000000070a600000, 0x0000000800000000)
  region size 2048K, 81 young (165888K), 5 survivors (10240K)
 Metaspace       used 56865K, committed 57408K, reserved 1114112K
  class space    used 7027K, committed 7296K, reserved 1048576K
}
Event: 29.212 GC heap after
{Heap after GC invocations=37 (full 0):
 garbage-first heap   total 290816K, used 73617K [0x000000070a600000, 0x0000000800000000)
  region size 2048K, 2 young (4096K), 2 survivors (4096K)
 Metaspace       used 56865K, committed 57408K, reserved 1114112K
  class space    used 7027K, committed 7296K, reserved 1048576K
}
Event: 37.348 GC heap before
{Heap before GC invocations=37 (full 0):
 garbage-first heap   total 290816K, used 145297K [0x000000070a600000, 0x0000000800000000)
  region size 2048K, 37 young (75776K), 2 survivors (4096K)
 Metaspace       used 59802K, committed 60288K, reserved 1114112K
  class space    used 7359K, committed 7616K, reserved 1048576K
}
Event: 37.351 GC heap after
{Heap after GC invocations=38 (full 0):
 garbage-first heap   total 290816K, used 76033K [0x000000070a600000, 0x0000000800000000)
  region size 2048K, 2 young (4096K), 2 survivors (4096K)
 Metaspace       used 59802K, committed 60288K, reserved 1114112K
  class space    used 7359K, committed 7616K, reserved 1048576K
}
Event: 82.134 GC heap before
{Heap before GC invocations=39 (full 0):
 garbage-first heap   total 266240K, used 231681K [0x000000070a600000, 0x0000000800000000)
  region size 2048K, 78 young (159744K), 2 survivors (4096K)
 Metaspace       used 75239K, committed 75776K, reserved 1179648K
  class space    used 9355K, committed 9600K, reserved 1048576K
}
Event: 82.140 GC heap after
{Heap after GC invocations=40 (full 0):
 garbage-first heap   total 266240K, used 82423K [0x000000070a600000, 0x0000000800000000)
  region size 2048K, 6 young (12288K), 6 survivors (12288K)
 Metaspace       used 75239K, committed 75776K, reserved 1179648K
  class space    used 9355K, committed 9600K, reserved 1048576K
}
Event: 86.727 GC heap before
{Heap before GC invocations=40 (full 0):
 garbage-first heap   total 266240K, used 84471K [0x000000070a600000, 0x0000000800000000)
  region size 2048K, 7 young (14336K), 6 survivors (12288K)
 Metaspace       used 75251K, committed 75776K, reserved 1179648K
  class space    used 9357K, committed 9600K, reserved 1048576K
}
Event: 86.734 GC heap after
{Heap after GC invocations=41 (full 0):
 garbage-first heap   total 266240K, used 73084K [0x000000070a600000, 0x0000000800000000)
  region size 2048K, 1 young (2048K), 1 survivors (2048K)
 Metaspace       used 75251K, committed 75776K, reserved 1179648K
  class space    used 9357K, committed 9600K, reserved 1048576K
}

