# JRE version: OpenJDK Runtime Environment Temurin-17.0.7+7 (17.0.7+7) (build 17.0.7+7)
# Java VM: OpenJDK 64-Bit Server VM Temurin-17.0.7+7 (17.0.7+7, mixed mode, tiered, compressed oops, compressed class ptrs, g1 gc, windows-amd64)
GC Precious Log:
 CPUs: 16 total, 16 available
 Memory: 15712M
 Large Page Support: Disabled
 NUMA Support: Disabled
 Compressed Oops: Enabled (Zero based)
 Heap Region Size: 2M
 Heap Min Capacity: 8M
 Heap Initial Capacity: 246M
 Heap Max Capacity: 3930M
 Pre-touch: Disabled
 Parallel Workers: 13
 Concurrent Workers: 3
 Concurrent Refinement Workers: 13
 Periodic GC: Disabled
Heap:
 garbage-first heap   total 231424K, used 146703K [0x000000070a600000, 0x0000000800000000)
  region size 2048K, 40 young (81920K), 1 survivors (2048K)
 Metaspace       used 85521K, committed 86272K, reserved 1179648K
  class space    used 10326K, committed 10688K, reserved 1048576K
GC Heap History (20 events):
Event: 100.085 GC heap before
{Heap before GC invocations=81 (full 4):
 garbage-first heap   total 192512K, used 156502K [0x000000070a600000, 0x0000000800000000)
  region size 2048K, 52 young (106496K), 3 survivors (6144K)
 Metaspace       used 85153K, committed 85824K, reserved 1179648K
  class space    used 10290K, committed 10624K, reserved 1048576K
}
Event: 100.088 GC heap after
{Heap after GC invocations=82 (full 4):
 garbage-first heap   total 192512K, used 56795K [0x000000070a600000, 0x0000000800000000)
  region size 2048K, 3 young (6144K), 3 survivors (6144K)
 Metaspace       used 85153K, committed 85824K, reserved 1179648K
  class space    used 10290K, committed 10624K, reserved 1048576K
}
Event: 100.229 GC heap before
{Heap before GC invocations=82 (full 4):
 garbage-first heap   total 192512K, used 173531K [0x000000070a600000, 0x0000000800000000)
  region size 2048K, 50 young (102400K), 3 survivors (6144K)
 Metaspace       used 85163K, committed 85824K, reserved 1179648K
  class space    used 10290K, committed 10624K, reserved 1048576K
}
Event: 100.231 GC heap after
{Heap after GC invocations=83 (full 4):
 garbage-first heap   total 192512K, used 67489K [0x000000070a600000, 0x0000000800000000)
  region size 2048K, 4 young (8192K), 4 survivors (8192K)
 Metaspace       used 85163K, committed 85824K, reserved 1179648K
  class space    used 10290K, committed 10624K, reserved 1048576K
}
Event: 100.388 GC heap before
{Heap before GC invocations=83 (full 4):
 garbage-first heap   total 192512K, used 155553K [0x000000070a600000, 0x0000000800000000)
  region size 2048K, 47 young (96256K), 4 survivors (8192K)
 Metaspace       used 85163K, committed 85824K, reserved 1179648K
  class space    used 10290K, committed 10624K, reserved 1048576K
}
Event: 100.391 GC heap after
{Heap after GC invocations=84 (full 4):
 garbage-first heap   total 231424K, used 66626K [0x000000070a600000, 0x0000000800000000)
  region size 2048K, 2 young (4096K), 2 survivors (4096K)
 Metaspace       used 85163K, committed 85824K, reserved 1179648K
  class space    used 10290K, committed 10624K, reserved 1048576K
}
Event: 100.600 GC heap before
{Heap before GC invocations=84 (full 4):
 garbage-first heap   total 231424K, used 189506K [0x000000070a600000, 0x0000000800000000)
  region size 2048K, 62 young (126976K), 2 survivors (4096K)
 Metaspace       used 85163K, committed 85824K, reserved 1179648K
  class space    used 10290K, committed 10624K, reserved 1048576K
}
Event: 100.601 GC heap after
{Heap after GC invocations=85 (full 4):
 garbage-first heap   total 231424K, used 66742K [0x000000070a600000, 0x0000000800000000)
  region size 2048K, 2 young (4096K), 2 survivors (4096K)
 Metaspace       used 85163K, committed 85824K, reserved 1179648K
  class space    used 10290K, committed 10624K, reserved 1048576K
}
Event: 100.815 GC heap before
{Heap before GC invocations=85 (full 4):
 garbage-first heap   total 231424K, used 191670K [0x000000070a600000, 0x0000000800000000)
  region size 2048K, 63 young (129024K), 2 survivors (4096K)
 Metaspace       used 85163K, committed 85824K, reserved 1179648K
  class space    used 10290K, committed 10624K, reserved 1048576K
}
Event: 100.817 GC heap after
{Heap after GC invocations=86 (full 4):
 garbage-first heap   total 231424K, used 68035K [0x000000070a600000, 0x0000000800000000)
  region size 2048K, 2 young (4096K), 2 survivors (4096K)
 Metaspace       used 85163K, committed 85824K, reserved 1179648K
  class space    used 10290K, committed 10624K, reserved 1048576K
}
Event: 101.015 GC heap before
{Heap before GC invocations=86 (full 4):
 garbage-first heap   total 231424K, used 192963K [0x000000070a600000, 0x0000000800000000)
  region size 2048K, 63 young (129024K), 2 survivors (4096K)
 Metaspace       used 85163K, committed 85824K, reserved 1179648K
  class space    used 10290K, committed 10624K, reserved 1048576K
}
Event: 101.017 GC heap after
{Heap after GC invocations=87 (full 4):
 garbage-first heap   total 231424K, used 72628K [0x000000070a600000, 0x0000000800000000)
  region size 2048K, 5 young (10240K), 5 survivors (10240K)
 Metaspace       used 85163K, committed 85824K, reserved 1179648K
  class space    used 10290K, committed 10624K, reserved 1048576K
}
Event: 101.267 GC heap before
{Heap before GC invocations=87 (full 4):
 garbage-first heap   total 231424K, used 185268K [0x000000070a600000, 0x0000000800000000)
  region size 2048K, 60 young (122880K), 5 survivors (10240K)
 Metaspace       used 85163K, committed 85824K, reserved 1179648K
  class space    used 10290K, committed 10624K, reserved 1048576K
}
Event: 101.269 GC heap after
{Heap after GC invocations=88 (full 4):
 garbage-first heap   total 231424K, used 69068K [0x000000070a600000, 0x0000000800000000)
  region size 2048K, 3 young (6144K), 3 survivors (6144K)
 Metaspace       used 85163K, committed 85824K, reserved 1179648K
  class space    used 10290K, committed 10624K, reserved 1048576K
}
Event: 101.500 GC heap before
{Heap before GC invocations=88 (full 4):
 garbage-first heap   total 231424K, used 187852K [0x000000070a600000, 0x0000000800000000)
  region size 2048K, 61 young (124928K), 3 survivors (6144K)
 Metaspace       used 85163K, committed 85824K, reserved 1179648K
  class space    used 10290K, committed 10624K, reserved 1048576K
}
Event: 101.502 GC heap after
{Heap after GC invocations=89 (full 4):
 garbage-first heap   total 231424K, used 68740K [0x000000070a600000, 0x0000000800000000)
  region size 2048K, 2 young (4096K), 2 survivors (4096K)
 Metaspace       used 85163K, committed 85824K, reserved 1179648K
  class space    used 10290K, committed 10624K, reserved 1048576K
}
Event: 101.767 GC heap before
{Heap before GC invocations=89 (full 4):
 garbage-first heap   total 231424K, used 189572K [0x000000070a600000, 0x0000000800000000)
  region size 2048K, 61 young (124928K), 2 survivors (4096K)
 Metaspace       used 85163K, committed 85824K, reserved 1179648K
  class space    used 10290K, committed 10624K, reserved 1048576K
}
Event: 101.769 GC heap after
{Heap after GC invocations=90 (full 4):
 garbage-first heap   total 231424K, used 68914K [0x000000070a600000, 0x0000000800000000)
  region size 2048K, 2 young (4096K), 2 survivors (4096K)
 Metaspace       used 85163K, committed 85824K, reserved 1179648K
  class space    used 10290K, committed 10624K, reserved 1048576K
}
Event: 101.971 GC heap before
{Heap before GC invocations=90 (full 4):
 garbage-first heap   total 231424K, used 189746K [0x000000070a600000, 0x0000000800000000)
  region size 2048K, 61 young (124928K), 2 survivors (4096K)
 Metaspace       used 85163K, committed 85824K, reserved 1179648K
  class space    used 10290K, committed 10624K, reserved 1048576K
}
Event: 101.972 GC heap after
{Heap after GC invocations=91 (full 4):
 garbage-first heap   total 231424K, used 66831K [0x000000070a600000, 0x0000000800000000)
  region size 2048K, 1 young (2048K), 1 survivors (2048K)
 Metaspace       used 85163K, committed 85824K, reserved 1179648K
  class space    used 10290K, committed 10624K, reserved 1048576K
}

