# JRE version: OpenJDK Runtime Environment Temurin-17.0.7+7 (17.0.7+7) (build 17.0.7+7)
# Java VM: OpenJDK 64-Bit Server VM Temurin-17.0.7+7 (17.0.7+7, mixed mode, tiered, compressed oops, compressed class ptrs, g1 gc, windows-amd64)
GC Precious Log:
 CPUs: 16 total, 16 available
 Memory: 15712M
 Large Page Support: Disabled
 NUMA Support: Disabled
 Compressed Oops: Enabled (Zero based)
 Heap Region Size: 2M
 Heap Min Capacity: 8M
 Heap Initial Capacity: 246M
 Heap Max Capacity: 3930M
 Pre-touch: Disabled
 Parallel Workers: 13
 Concurrent Workers: 3
 Concurrent Refinement Workers: 13
 Periodic GC: Disabled
Heap:
 garbage-first heap   total 260096K, used 72972K [0x000000070a600000, 0x0000000800000000)
  region size 2048K, 3 young (6144K), 1 survivors (2048K)
 Metaspace       used 80014K, committed 80640K, reserved 1179648K
  class space    used 9865K, committed 10176K, reserved 1048576K
GC Heap History (20 events):
Event: 10.063 GC heap before
{Heap before GC invocations=28 (full 0):
 garbage-first heap   total 288768K, used 236553K [0x000000070a600000, 0x0000000800000000)
  region size 2048K, 84 young (172032K), 3 survivors (6144K)
 Metaspace       used 50707K, committed 51200K, reserved 1114112K
  class space    used 6092K, committed 6336K, reserved 1048576K
}
Event: 10.066 GC heap after
{Heap after GC invocations=29 (full 0):
 garbage-first heap   total 348160K, used 71913K [0x000000070a600000, 0x0000000800000000)
  region size 2048K, 3 young (6144K), 3 survivors (6144K)
 Metaspace       used 50707K, committed 51200K, reserved 1114112K
  class space    used 6092K, committed 6336K, reserved 1048576K
}
Event: 11.114 GC heap before
{Heap before GC invocations=29 (full 0):
 garbage-first heap   total 348160K, used 297193K [0x000000070a600000, 0x0000000800000000)
  region size 2048K, 102 young (208896K), 3 survivors (6144K)
 Metaspace       used 55942K, committed 56512K, reserved 1114112K
  class space    used 6918K, committed 7168K, reserved 1048576K
}
Event: 11.120 GC heap after
{Heap after GC invocations=30 (full 0):
 garbage-first heap   total 348160K, used 85035K [0x000000070a600000, 0x0000000800000000)
  region size 2048K, 5 young (10240K), 5 survivors (10240K)
 Metaspace       used 55942K, committed 56512K, reserved 1114112K
  class space    used 6918K, committed 7168K, reserved 1048576K
}
Event: 11.501 GC heap before
{Heap before GC invocations=30 (full 0):
 garbage-first heap   total 348160K, used 283691K [0x000000070a600000, 0x0000000800000000)
  region size 2048K, 102 young (208896K), 5 survivors (10240K)
 Metaspace       used 55944K, committed 56512K, reserved 1114112K
  class space    used 6918K, committed 7168K, reserved 1048576K
}
Event: 11.506 GC heap after
{Heap after GC invocations=31 (full 0):
 garbage-first heap   total 348160K, used 85800K [0x000000070a600000, 0x0000000800000000)
  region size 2048K, 5 young (10240K), 5 survivors (10240K)
 Metaspace       used 55944K, committed 56512K, reserved 1114112K
  class space    used 6918K, committed 7168K, reserved 1048576K
}
Event: 11.832 GC heap before
{Heap before GC invocations=31 (full 0):
 garbage-first heap   total 348160K, used 284456K [0x000000070a600000, 0x0000000800000000)
  region size 2048K, 102 young (208896K), 5 survivors (10240K)
 Metaspace       used 55944K, committed 56512K, reserved 1114112K
  class space    used 6918K, committed 7168K, reserved 1048576K
}
Event: 11.838 GC heap after
{Heap after GC invocations=32 (full 0):
 garbage-first heap   total 348160K, used 86808K [0x000000070a600000, 0x0000000800000000)
  region size 2048K, 6 young (12288K), 6 survivors (12288K)
 Metaspace       used 55944K, committed 56512K, reserved 1114112K
  class space    used 6918K, committed 7168K, reserved 1048576K
}
Event: 12.200 GC heap before
{Heap before GC invocations=32 (full 0):
 garbage-first heap   total 348160K, used 283416K [0x000000070a600000, 0x0000000800000000)
  region size 2048K, 102 young (208896K), 6 survivors (12288K)
 Metaspace       used 55944K, committed 56512K, reserved 1114112K
  class space    used 6918K, committed 7168K, reserved 1048576K
}
Event: 12.205 GC heap after
{Heap after GC invocations=33 (full 0):
 garbage-first heap   total 348160K, used 90481K [0x000000070a600000, 0x0000000800000000)
  region size 2048K, 7 young (14336K), 7 survivors (14336K)
 Metaspace       used 55944K, committed 56512K, reserved 1114112K
  class space    used 6918K, committed 7168K, reserved 1048576K
}
Event: 12.510 GC heap before
{Heap before GC invocations=33 (full 0):
 garbage-first heap   total 348160K, used 285041K [0x000000070a600000, 0x0000000800000000)
  region size 2048K, 102 young (208896K), 7 survivors (14336K)
 Metaspace       used 55945K, committed 56512K, reserved 1114112K
  class space    used 6918K, committed 7168K, reserved 1048576K
}
Event: 12.516 GC heap after
{Heap after GC invocations=34 (full 0):
 garbage-first heap   total 348160K, used 94377K [0x000000070a600000, 0x0000000800000000)
  region size 2048K, 9 young (18432K), 9 survivors (18432K)
 Metaspace       used 55945K, committed 56512K, reserved 1114112K
  class space    used 6918K, committed 7168K, reserved 1048576K
}
Event: 13.688 GC heap before
{Heap before GC invocations=34 (full 0):
 garbage-first heap   total 348160K, used 284841K [0x000000070a600000, 0x0000000800000000)
  region size 2048K, 102 young (208896K), 9 survivors (18432K)
 Metaspace       used 58890K, committed 59456K, reserved 1114112K
  class space    used 7277K, committed 7552K, reserved 1048576K
}
Event: 13.692 GC heap after
{Heap after GC invocations=35 (full 0):
 garbage-first heap   total 348160K, used 75533K [0x000000070a600000, 0x0000000800000000)
  region size 2048K, 2 young (4096K), 2 survivors (4096K)
 Metaspace       used 58890K, committed 59456K, reserved 1114112K
  class space    used 7277K, committed 7552K, reserved 1048576K
}
Event: 13.737 GC heap before
{Heap before GC invocations=35 (full 0):
 garbage-first heap   total 348160K, used 77581K [0x000000070a600000, 0x0000000800000000)
  region size 2048K, 4 young (8192K), 2 survivors (4096K)
 Metaspace       used 59865K, committed 60416K, reserved 1114112K
  class space    used 7384K, committed 7680K, reserved 1048576K
}
Event: 13.739 GC heap after
{Heap after GC invocations=36 (full 0):
 garbage-first heap   total 348160K, used 75128K [0x000000070a600000, 0x0000000800000000)
  region size 2048K, 2 young (4096K), 2 survivors (4096K)
 Metaspace       used 59865K, committed 60416K, reserved 1114112K
  class space    used 7384K, committed 7680K, reserved 1048576K
}
Event: 121.186 GC heap before
{Heap before GC invocations=37 (full 0):
 garbage-first heap   total 260096K, used 224632K [0x000000070a600000, 0x0000000800000000)
  region size 2048K, 76 young (155648K), 2 survivors (4096K)
 Metaspace       used 79155K, committed 79808K, reserved 1179648K
  class space    used 9781K, committed 10112K, reserved 1048576K
}
Event: 121.193 GC heap after
{Heap after GC invocations=38 (full 0):
 garbage-first heap   total 260096K, used 81614K [0x000000070a600000, 0x0000000800000000)
  region size 2048K, 5 young (10240K), 5 survivors (10240K)
 Metaspace       used 79155K, committed 79808K, reserved 1179648K
  class space    used 9781K, committed 10112K, reserved 1048576K
}
Event: 121.214 GC heap before
{Heap before GC invocations=38 (full 0):
 garbage-first heap   total 260096K, used 83662K [0x000000070a600000, 0x0000000800000000)
  region size 2048K, 6 young (12288K), 5 survivors (10240K)
 Metaspace       used 79490K, committed 80128K, reserved 1179648K
  class space    used 9813K, committed 10112K, reserved 1048576K
}
Event: 121.220 GC heap after
{Heap after GC invocations=39 (full 0):
 garbage-first heap   total 260096K, used 70924K [0x000000070a600000, 0x0000000800000000)
  region size 2048K, 1 young (2048K), 1 survivors (2048K)
 Metaspace       used 79490K, committed 80128K, reserved 1179648K
  class space    used 9813K, committed 10112K, reserved 1048576K
}

