# JRE version: OpenJDK Runtime Environment Temurin-17.0.7+7 (17.0.7+7) (build 17.0.7+7)
# Java VM: OpenJDK 64-Bit Server VM Temurin-17.0.7+7 (17.0.7+7, mixed mode, tiered, compressed oops, compressed class ptrs, g1 gc, windows-amd64)
GC Precious Log:
 CPUs: 16 total, 16 available
 Memory: 15712M
 Large Page Support: Disabled
 NUMA Support: Disabled
 Compressed Oops: Enabled (Zero based)
 Heap Region Size: 2M
 Heap Min Capacity: 8M
 Heap Initial Capacity: 246M
 Heap Max Capacity: 3930M
 Pre-touch: Disabled
 Parallel Workers: 13
 Concurrent Workers: 3
 Concurrent Refinement Workers: 13
 Periodic GC: Disabled
Heap:
 garbage-first heap   total 419840K, used 169631K [0x000000070a600000, 0x0000000800000000)
  region size 2048K, 49 young (100352K), 4 survivors (8192K)
 Metaspace       used 125202K, committed 127616K, reserved 1179648K
  class space    used 15809K, committed 17280K, reserved 1048576K
GC Heap History (20 events):
Event: 3046.664 GC heap before
{Heap before GC invocations=1050 (full 60):
 garbage-first heap   total 286720K, used 233104K [0x000000070a600000, 0x0000000800000000)
  region size 2048K, 81 young (165888K), 4 survivors (8192K)
 Metaspace       used 124685K, committed 127104K, reserved 1179648K
  class space    used 15724K, committed 17152K, reserved 1048576K
}
Event: 3046.739 GC heap after
{Heap after GC invocations=1051 (full 61):
 garbage-first heap   total 225280K, used 59834K [0x000000070a600000, 0x0000000800000000)
  region size 2048K, 0 young (0K), 0 survivors (0K)
 Metaspace       used 124682K, committed 127104K, reserved 1179648K
  class space    used 15724K, committed 17152K, reserved 1048576K
}
Event: 3047.105 GC heap before
{Heap before GC invocations=1051 (full 61):
 garbage-first heap   total 225280K, used 186810K [0x000000070a600000, 0x0000000800000000)
  region size 2048K, 62 young (126976K), 0 survivors (0K)
 Metaspace       used 124840K, committed 127232K, reserved 1179648K
  class space    used 15762K, committed 17216K, reserved 1048576K
}
Event: 3047.110 GC heap after
{Heap after GC invocations=1052 (full 61):
 garbage-first heap   total 225280K, used 65519K [0x000000070a600000, 0x0000000800000000)
  region size 2048K, 3 young (6144K), 3 survivors (6144K)
 Metaspace       used 124840K, committed 127232K, reserved 1179648K
  class space    used 15762K, committed 17216K, reserved 1048576K
}
Event: 3047.279 GC heap before
{Heap before GC invocations=1053 (full 61):
 garbage-first heap   total 225280K, used 184303K [0x000000070a600000, 0x0000000800000000)
  region size 2048K, 61 young (124928K), 3 survivors (6144K)
 Metaspace       used 124891K, committed 127296K, reserved 1179648K
  class space    used 15774K, committed 17216K, reserved 1048576K
}
Event: 3047.282 GC heap after
{Heap after GC invocations=1054 (full 61):
 garbage-first heap   total 225280K, used 66348K [0x000000070a600000, 0x0000000800000000)
  region size 2048K, 4 young (8192K), 4 survivors (8192K)
 Metaspace       used 124891K, committed 127296K, reserved 1179648K
  class space    used 15774K, committed 17216K, reserved 1048576K
}
Event: 3047.434 GC heap before
{Heap before GC invocations=1054 (full 61):
 garbage-first heap   total 225280K, used 183084K [0x000000070a600000, 0x0000000800000000)
  region size 2048K, 61 young (124928K), 4 survivors (8192K)
 Metaspace       used 124894K, committed 127296K, reserved 1179648K
  class space    used 15774K, committed 17216K, reserved 1048576K
}
Event: 3047.436 GC heap after
{Heap after GC invocations=1055 (full 61):
 garbage-first heap   total 225280K, used 65445K [0x000000070a600000, 0x0000000800000000)
  region size 2048K, 3 young (6144K), 3 survivors (6144K)
 Metaspace       used 124894K, committed 127296K, reserved 1179648K
  class space    used 15774K, committed 17216K, reserved 1048576K
}
Event: 3047.526 GC heap before
{Heap before GC invocations=1056 (full 61):
 garbage-first heap   total 225280K, used 186277K [0x000000070a600000, 0x0000000800000000)
  region size 2048K, 62 young (126976K), 3 survivors (6144K)
 Metaspace       used 124894K, committed 127296K, reserved 1179648K
  class space    used 15774K, committed 17216K, reserved 1048576K
}
Event: 3047.528 GC heap after
{Heap after GC invocations=1057 (full 61):
 garbage-first heap   total 225280K, used 67838K [0x000000070a600000, 0x0000000800000000)
  region size 2048K, 4 young (8192K), 4 survivors (8192K)
 Metaspace       used 124894K, committed 127296K, reserved 1179648K
  class space    used 15774K, committed 17216K, reserved 1048576K
}
Event: 3047.538 GC heap before
{Heap before GC invocations=1057 (full 61):
 garbage-first heap   total 225280K, used 73982K [0x000000070a600000, 0x0000000800000000)
  region size 2048K, 8 young (16384K), 4 survivors (8192K)
 Metaspace       used 124894K, committed 127296K, reserved 1179648K
  class space    used 15774K, committed 17216K, reserved 1048576K
}
Event: 3047.541 GC heap after
{Heap after GC invocations=1058 (full 61):
 garbage-first heap   total 419840K, used 65932K [0x000000070a600000, 0x0000000800000000)
  region size 2048K, 3 young (6144K), 3 survivors (6144K)
 Metaspace       used 124894K, committed 127296K, reserved 1179648K
  class space    used 15774K, committed 17216K, reserved 1048576K
}
Event: 3048.029 GC heap before
{Heap before GC invocations=1058 (full 61):
 garbage-first heap   total 419840K, used 334220K [0x000000070a600000, 0x0000000800000000)
  region size 2048K, 123 young (251904K), 3 survivors (6144K)
 Metaspace       used 124894K, committed 127296K, reserved 1179648K
  class space    used 15774K, committed 17216K, reserved 1048576K
}
Event: 3048.032 GC heap after
{Heap after GC invocations=1059 (full 61):
 garbage-first heap   total 419840K, used 76101K [0x000000070a600000, 0x0000000800000000)
  region size 2048K, 3 young (6144K), 3 survivors (6144K)
 Metaspace       used 124894K, committed 127296K, reserved 1179648K
  class space    used 15774K, committed 17216K, reserved 1048576K
}
Event: 3048.437 GC heap before
{Heap before GC invocations=1059 (full 61):
 garbage-first heap   total 419840K, used 323909K [0x000000070a600000, 0x0000000800000000)
  region size 2048K, 123 young (251904K), 3 survivors (6144K)
 Metaspace       used 124905K, committed 127296K, reserved 1179648K
  class space    used 15774K, committed 17216K, reserved 1048576K
}
Event: 3048.440 GC heap after
{Heap after GC invocations=1060 (full 61):
 garbage-first heap   total 419840K, used 86458K [0x000000070a600000, 0x0000000800000000)
  region size 2048K, 7 young (14336K), 7 survivors (14336K)
 Metaspace       used 124905K, committed 127296K, reserved 1179648K
  class space    used 15774K, committed 17216K, reserved 1048576K
}
Event: 3048.895 GC heap before
{Heap before GC invocations=1060 (full 61):
 garbage-first heap   total 419840K, used 324026K [0x000000070a600000, 0x0000000800000000)
  region size 2048K, 123 young (251904K), 7 survivors (14336K)
 Metaspace       used 124907K, committed 127296K, reserved 1179648K
  class space    used 15774K, committed 17216K, reserved 1048576K
}
Event: 3048.898 GC heap after
{Heap after GC invocations=1061 (full 61):
 garbage-first heap   total 419840K, used 82550K [0x000000070a600000, 0x0000000800000000)
  region size 2048K, 6 young (12288K), 6 survivors (12288K)
 Metaspace       used 124907K, committed 127296K, reserved 1179648K
  class space    used 15774K, committed 17216K, reserved 1048576K
}
Event: 3049.306 GC heap before
{Heap before GC invocations=1061 (full 61):
 garbage-first heap   total 419840K, used 322166K [0x000000070a600000, 0x0000000800000000)
  region size 2048K, 123 young (251904K), 6 survivors (12288K)
 Metaspace       used 124907K, committed 127296K, reserved 1179648K
  class space    used 15774K, committed 17216K, reserved 1048576K
}
Event: 3049.308 GC heap after
{Heap after GC invocations=1062 (full 61):
 garbage-first heap   total 419840K, used 79519K [0x000000070a600000, 0x0000000800000000)
  region size 2048K, 4 young (8192K), 4 survivors (8192K)
 Metaspace       used 124907K, committed 127296K, reserved 1179648K
  class space    used 15774K, committed 17216K, reserved 1048576K
}

