# JRE version: OpenJDK Runtime Environment Temurin-17.0.4+8 (17.0.4+8) (build 17.0.4+8)
# Java VM: OpenJDK 64-Bit Server VM Temurin-17.0.4+8 (17.0.4+8, mixed mode, tiered, compressed oops, compressed class ptrs, g1 gc, windows-amd64)
GC Precious Log:
 CPUs: 12 total, 12 available
 Memory: 16334M
 Large Page Support: Disabled
 NUMA Support: Disabled
 Compressed Oops: Enabled (Zero based)
 Heap Region Size: 2M
 Heap Min Capacity: 8M
 Heap Initial Capacity: 256M
 Heap Max Capacity: 4084M
 Pre-touch: Disabled
 Parallel Workers: 10
 Concurrent Workers: 3
 Concurrent Refinement Workers: 10
 Periodic GC: Disabled
Heap:
 garbage-first heap   total 260096K, used 204206K [0x0000000700c00000, 0x0000000800000000)
  region size 2048K, 67 young (137216K), 2 survivors (4096K)
 Metaspace       used 101320K, committed 103040K, reserved 1146880K
  class space    used 12446K, committed 13376K, reserved 1048576K
GC Heap History (20 events):
Event: 1742.815 GC heap before
{Heap before GC invocations=455 (full 27):
 garbage-first heap   total 198656K, used 158202K [0x0000000700c00000, 0x0000000800000000)
  region size 2048K, 51 young (104448K), 3 survivors (6144K)
 Metaspace       used 101092K, committed 102784K, reserved 1138688K
  class space    used 12419K, committed 13312K, reserved 1048576K
}
Event: 1742.817 GC heap after
{Heap after GC invocations=456 (full 27):
 garbage-first heap   total 198656K, used 60409K [0x0000000700c00000, 0x0000000800000000)
  region size 2048K, 3 young (6144K), 3 survivors (6144K)
 Metaspace       used 101092K, committed 102784K, reserved 1138688K
  class space    used 12419K, committed 13312K, reserved 1048576K
}
Event: 1742.883 GC heap before
{Heap before GC invocations=456 (full 27):
 garbage-first heap   total 198656K, used 160761K [0x0000000700c00000, 0x0000000800000000)
  region size 2048K, 52 young (106496K), 3 survivors (6144K)
 Metaspace       used 101092K, committed 102784K, reserved 1138688K
  class space    used 12419K, committed 13312K, reserved 1048576K
}
Event: 1742.885 GC heap after
{Heap after GC invocations=457 (full 27):
 garbage-first heap   total 198656K, used 63091K [0x0000000700c00000, 0x0000000800000000)
  region size 2048K, 5 young (10240K), 5 survivors (10240K)
 Metaspace       used 101092K, committed 102784K, reserved 1138688K
  class space    used 12419K, committed 13312K, reserved 1048576K
}
Event: 1742.907 GC heap before
{Heap before GC invocations=457 (full 27):
 garbage-first heap   total 198656K, used 77427K [0x0000000700c00000, 0x0000000800000000)
  region size 2048K, 7 young (14336K), 5 survivors (10240K)
 Metaspace       used 101092K, committed 102784K, reserved 1138688K
  class space    used 12419K, committed 13312K, reserved 1048576K
}
Event: 1742.909 GC heap after
{Heap after GC invocations=458 (full 27):
 garbage-first heap   total 198656K, used 66118K [0x0000000700c00000, 0x0000000800000000)
  region size 2048K, 2 young (4096K), 2 survivors (4096K)
 Metaspace       used 101092K, committed 102784K, reserved 1138688K
  class space    used 12419K, committed 13312K, reserved 1048576K
}
Event: 1743.116 GC heap before
{Heap before GC invocations=458 (full 27):
 garbage-first heap   total 198656K, used 168518K [0x0000000700c00000, 0x0000000800000000)
  region size 2048K, 47 young (96256K), 2 survivors (4096K)
 Metaspace       used 101092K, committed 102784K, reserved 1138688K
  class space    used 12419K, committed 13312K, reserved 1048576K
}
Event: 1743.117 GC heap after
{Heap after GC invocations=459 (full 27):
 garbage-first heap   total 260096K, used 72592K [0x0000000700c00000, 0x0000000800000000)
  region size 2048K, 3 young (6144K), 3 survivors (6144K)
 Metaspace       used 101092K, committed 102784K, reserved 1138688K
  class space    used 12419K, committed 13312K, reserved 1048576K
}
Event: 1743.405 GC heap before
{Heap before GC invocations=459 (full 27):
 garbage-first heap   total 260096K, used 211856K [0x0000000700c00000, 0x0000000800000000)
  region size 2048K, 71 young (145408K), 3 survivors (6144K)
 Metaspace       used 101092K, committed 102784K, reserved 1138688K
  class space    used 12419K, committed 13312K, reserved 1048576K
}
Event: 1743.406 GC heap after
{Heap after GC invocations=460 (full 27):
 garbage-first heap   total 260096K, used 71882K [0x0000000700c00000, 0x0000000800000000)
  region size 2048K, 3 young (6144K), 3 survivors (6144K)
 Metaspace       used 101092K, committed 102784K, reserved 1138688K
  class space    used 12419K, committed 13312K, reserved 1048576K
}
Event: 1743.657 GC heap before
{Heap before GC invocations=460 (full 27):
 garbage-first heap   total 260096K, used 213194K [0x0000000700c00000, 0x0000000800000000)
  region size 2048K, 72 young (147456K), 3 survivors (6144K)
 Metaspace       used 101092K, committed 102784K, reserved 1138688K
  class space    used 12419K, committed 13312K, reserved 1048576K
}
Event: 1743.658 GC heap after
{Heap after GC invocations=461 (full 27):
 garbage-first heap   total 260096K, used 72491K [0x0000000700c00000, 0x0000000800000000)
  region size 2048K, 3 young (6144K), 3 survivors (6144K)
 Metaspace       used 101092K, committed 102784K, reserved 1138688K
  class space    used 12419K, committed 13312K, reserved 1048576K
}
Event: 1743.956 GC heap before
{Heap before GC invocations=461 (full 27):
 garbage-first heap   total 260096K, used 213803K [0x0000000700c00000, 0x0000000800000000)
  region size 2048K, 72 young (147456K), 3 survivors (6144K)
 Metaspace       used 101092K, committed 102784K, reserved 1138688K
  class space    used 12419K, committed 13312K, reserved 1048576K
}
Event: 1743.957 GC heap after
{Heap after GC invocations=462 (full 27):
 garbage-first heap   total 260096K, used 70800K [0x0000000700c00000, 0x0000000800000000)
  region size 2048K, 2 young (4096K), 2 survivors (4096K)
 Metaspace       used 101092K, committed 102784K, reserved 1138688K
  class space    used 12419K, committed 13312K, reserved 1048576K
}
Event: 1744.238 GC heap before
{Heap before GC invocations=462 (full 27):
 garbage-first heap   total 260096K, used 216208K [0x0000000700c00000, 0x0000000800000000)
  region size 2048K, 73 young (149504K), 2 survivors (4096K)
 Metaspace       used 101092K, committed 102784K, reserved 1138688K
  class space    used 12419K, committed 13312K, reserved 1048576K
}
Event: 1744.239 GC heap after
{Heap after GC invocations=463 (full 27):
 garbage-first heap   total 260096K, used 72324K [0x0000000700c00000, 0x0000000800000000)
  region size 2048K, 3 young (6144K), 3 survivors (6144K)
 Metaspace       used 101092K, committed 102784K, reserved 1138688K
  class space    used 12419K, committed 13312K, reserved 1048576K
}
Event: 1744.476 GC heap before
{Heap before GC invocations=463 (full 27):
 garbage-first heap   total 260096K, used 215684K [0x0000000700c00000, 0x0000000800000000)
  region size 2048K, 73 young (149504K), 3 survivors (6144K)
 Metaspace       used 101092K, committed 102784K, reserved 1138688K
  class space    used 12419K, committed 13312K, reserved 1048576K
}
Event: 1744.479 GC heap after
{Heap after GC invocations=464 (full 27):
 garbage-first heap   total 260096K, used 81017K [0x0000000700c00000, 0x0000000800000000)
  region size 2048K, 7 young (14336K), 7 survivors (14336K)
 Metaspace       used 101092K, committed 102784K, reserved 1138688K
  class space    used 12419K, committed 13312K, reserved 1048576K
}
Event: 1744.693 GC heap before
{Heap before GC invocations=464 (full 27):
 garbage-first heap   total 260096K, used 207993K [0x0000000700c00000, 0x0000000800000000)
  region size 2048K, 69 young (141312K), 7 survivors (14336K)
 Metaspace       used 101092K, committed 102784K, reserved 1138688K
  class space    used 12419K, committed 13312K, reserved 1048576K
}
Event: 1744.695 GC heap after
{Heap after GC invocations=465 (full 27):
 garbage-first heap   total 260096K, used 73134K [0x0000000700c00000, 0x0000000800000000)
  region size 2048K, 2 young (4096K), 2 survivors (4096K)
 Metaspace       used 101092K, committed 102784K, reserved 1138688K
  class space    used 12419K, committed 13312K, reserved 1048576K
}

