# JRE version: OpenJDK Runtime Environment Temurin-17.0.7+7 (17.0.7+7) (build 17.0.7+7)
# Java VM: OpenJDK 64-Bit Server VM Temurin-17.0.7+7 (17.0.7+7, mixed mode, tiered, compressed oops, compressed class ptrs, g1 gc, windows-amd64)
GC Precious Log:
 CPUs: 16 total, 16 available
 Memory: 15712M
 Large Page Support: Disabled
 NUMA Support: Disabled
 Compressed Oops: Enabled (Zero based)
 Heap Region Size: 2M
 Heap Min Capacity: 8M
 Heap Initial Capacity: 246M
 Heap Max Capacity: 3930M
 Pre-touch: Disabled
 Parallel Workers: 13
 Concurrent Workers: 3
 Concurrent Refinement Workers: 13
 Periodic GC: Disabled
Heap:
 garbage-first heap   total 266240K, used 107565K [0x000000070a600000, 0x0000000800000000)
  region size 2048K, 28 young (57344K), 2 survivors (4096K)
 Metaspace       used 82019K, committed 82688K, reserved 1179648K
  class space    used 10052K, committed 10368K, reserved 1048576K
GC Heap History (20 events):
Event: 24.612 GC heap before
{Heap before GC invocations=37 (full 1):
 garbage-first heap   total 184320K, used 146164K [0x000000070a600000, 0x0000000800000000)
  region size 2048K, 49 young (100352K), 3 survivors (6144K)
 Metaspace       used 76117K, committed 76736K, reserved 1179648K
  class space    used 9451K, committed 9792K, reserved 1048576K
}
Event: 24.615 GC heap after
{Heap after GC invocations=38 (full 1):
 garbage-first heap   total 221184K, used 54378K [0x000000070a600000, 0x0000000800000000)
  region size 2048K, 4 young (8192K), 4 survivors (8192K)
 Metaspace       used 76117K, committed 76736K, reserved 1179648K
  class space    used 9451K, committed 9792K, reserved 1048576K
}
Event: 24.919 GC heap before
{Heap before GC invocations=38 (full 1):
 garbage-first heap   total 221184K, used 197738K [0x000000070a600000, 0x0000000800000000)
  region size 2048K, 64 young (131072K), 4 survivors (8192K)
 Metaspace       used 76195K, committed 76864K, reserved 1179648K
  class space    used 9451K, committed 9792K, reserved 1048576K
}
Event: 24.922 GC heap after
{Heap after GC invocations=39 (full 1):
 garbage-first heap   total 221184K, used 64917K [0x000000070a600000, 0x0000000800000000)
  region size 2048K, 4 young (8192K), 4 survivors (8192K)
 Metaspace       used 76195K, committed 76864K, reserved 1179648K
  class space    used 9451K, committed 9792K, reserved 1048576K
}
Event: 25.202 GC heap before
{Heap before GC invocations=39 (full 1):
 garbage-first heap   total 221184K, used 181653K [0x000000070a600000, 0x0000000800000000)
  region size 2048K, 61 young (124928K), 4 survivors (8192K)
 Metaspace       used 76196K, committed 76864K, reserved 1179648K
  class space    used 9451K, committed 9792K, reserved 1048576K
}
Event: 25.205 GC heap after
{Heap after GC invocations=40 (full 1):
 garbage-first heap   total 221184K, used 66352K [0x000000070a600000, 0x0000000800000000)
  region size 2048K, 4 young (8192K), 4 survivors (8192K)
 Metaspace       used 76196K, committed 76864K, reserved 1179648K
  class space    used 9451K, committed 9792K, reserved 1048576K
}
Event: 25.430 GC heap before
{Heap before GC invocations=40 (full 1):
 garbage-first heap   total 221184K, used 181040K [0x000000070a600000, 0x0000000800000000)
  region size 2048K, 60 young (122880K), 4 survivors (8192K)
 Metaspace       used 76196K, committed 76864K, reserved 1179648K
  class space    used 9451K, committed 9792K, reserved 1048576K
}
Event: 25.432 GC heap after
{Heap after GC invocations=41 (full 1):
 garbage-first heap   total 221184K, used 63934K [0x000000070a600000, 0x0000000800000000)
  region size 2048K, 3 young (6144K), 3 survivors (6144K)
 Metaspace       used 76196K, committed 76864K, reserved 1179648K
  class space    used 9451K, committed 9792K, reserved 1048576K
}
Event: 25.661 GC heap before
{Heap before GC invocations=41 (full 1):
 garbage-first heap   total 221184K, used 182718K [0x000000070a600000, 0x0000000800000000)
  region size 2048K, 61 young (124928K), 3 survivors (6144K)
 Metaspace       used 76196K, committed 76864K, reserved 1179648K
  class space    used 9451K, committed 9792K, reserved 1048576K
}
Event: 25.665 GC heap after
{Heap after GC invocations=42 (full 1):
 garbage-first heap   total 221184K, used 63990K [0x000000070a600000, 0x0000000800000000)
  region size 2048K, 3 young (6144K), 3 survivors (6144K)
 Metaspace       used 76196K, committed 76864K, reserved 1179648K
  class space    used 9451K, committed 9792K, reserved 1048576K
}
Event: 25.881 GC heap before
{Heap before GC invocations=42 (full 1):
 garbage-first heap   total 221184K, used 184822K [0x000000070a600000, 0x0000000800000000)
  region size 2048K, 62 young (126976K), 3 survivors (6144K)
 Metaspace       used 76196K, committed 76864K, reserved 1179648K
  class space    used 9451K, committed 9792K, reserved 1048576K
}
Event: 25.884 GC heap after
{Heap after GC invocations=43 (full 1):
 garbage-first heap   total 221184K, used 63845K [0x000000070a600000, 0x0000000800000000)
  region size 2048K, 3 young (6144K), 3 survivors (6144K)
 Metaspace       used 76196K, committed 76864K, reserved 1179648K
  class space    used 9451K, committed 9792K, reserved 1048576K
}
Event: 26.124 GC heap before
{Heap before GC invocations=43 (full 1):
 garbage-first heap   total 221184K, used 184677K [0x000000070a600000, 0x0000000800000000)
  region size 2048K, 62 young (126976K), 3 survivors (6144K)
 Metaspace       used 76196K, committed 76864K, reserved 1179648K
  class space    used 9451K, committed 9792K, reserved 1048576K
}
Event: 26.127 GC heap after
{Heap after GC invocations=44 (full 1):
 garbage-first heap   total 221184K, used 69952K [0x000000070a600000, 0x0000000800000000)
  region size 2048K, 6 young (12288K), 6 survivors (12288K)
 Metaspace       used 76196K, committed 76864K, reserved 1179648K
  class space    used 9451K, committed 9792K, reserved 1048576K
}
Event: 26.305 GC heap before
{Heap before GC invocations=44 (full 1):
 garbage-first heap   total 221184K, used 178496K [0x000000070a600000, 0x0000000800000000)
  region size 2048K, 59 young (120832K), 6 survivors (12288K)
 Metaspace       used 76196K, committed 76864K, reserved 1179648K
  class space    used 9451K, committed 9792K, reserved 1048576K
}
Event: 26.309 GC heap after
{Heap after GC invocations=45 (full 1):
 garbage-first heap   total 266240K, used 67479K [0x000000070a600000, 0x0000000800000000)
  region size 2048K, 3 young (6144K), 3 survivors (6144K)
 Metaspace       used 76196K, committed 76864K, reserved 1179648K
  class space    used 9451K, committed 9792K, reserved 1048576K
}
Event: 26.581 GC heap before
{Heap before GC invocations=45 (full 1):
 garbage-first heap   total 266240K, used 219031K [0x000000070a600000, 0x0000000800000000)
  region size 2048K, 77 young (157696K), 3 survivors (6144K)
 Metaspace       used 76196K, committed 76864K, reserved 1179648K
  class space    used 9451K, committed 9792K, reserved 1048576K
}
Event: 26.584 GC heap after
{Heap after GC invocations=46 (full 1):
 garbage-first heap   total 266240K, used 74231K [0x000000070a600000, 0x0000000800000000)
  region size 2048K, 6 young (12288K), 6 survivors (12288K)
 Metaspace       used 76196K, committed 76864K, reserved 1179648K
  class space    used 9451K, committed 9792K, reserved 1048576K
}
Event: 27.441 GC heap before
{Heap before GC invocations=46 (full 1):
 garbage-first heap   total 266240K, used 213495K [0x000000070a600000, 0x0000000800000000)
  region size 2048K, 74 young (151552K), 6 survivors (12288K)
 Metaspace       used 76542K, committed 77248K, reserved 1179648K
  class space    used 9464K, committed 9792K, reserved 1048576K
}
Event: 27.443 GC heap after
{Heap after GC invocations=47 (full 1):
 garbage-first heap   total 266240K, used 58413K [0x000000070a600000, 0x0000000800000000)
  region size 2048K, 2 young (4096K), 2 survivors (4096K)
 Metaspace       used 76542K, committed 77248K, reserved 1179648K
  class space    used 9464K, committed 9792K, reserved 1048576K
}

