# JRE version: OpenJDK Runtime Environment Temurin-17.0.7+7 (17.0.7+7) (build 17.0.7+7)
# Java VM: OpenJDK 64-Bit Server VM Temurin-17.0.7+7 (17.0.7+7, mixed mode, tiered, compressed oops, compressed class ptrs, g1 gc, windows-amd64)
GC Precious Log:
 CPUs: 16 total, 16 available
 Memory: 15712M
 Large Page Support: Disabled
 NUMA Support: Disabled
 Compressed Oops: Enabled (Zero based)
 Heap Region Size: 2M
 Heap Min Capacity: 8M
 Heap Initial Capacity: 246M
 Heap Max Capacity: 3930M
 Pre-touch: Disabled
 Parallel Workers: 13
 Concurrent Workers: 3
 Concurrent Refinement Workers: 13
 Periodic GC: Disabled
Heap:
 garbage-first heap   total 331776K, used 160237K [0x000000070a600000, 0x0000000800000000)
  region size 2048K, 41 young (83968K), 2 survivors (4096K)
 Metaspace       used 79798K, committed 80384K, reserved 1179648K
  class space    used 9842K, committed 10176K, reserved 1048576K
GC Heap History (20 events):
Event: 10.864 GC heap before
{Heap before GC invocations=23 (full 0):
 garbage-first heap   total 276480K, used 231924K [0x000000070a600000, 0x0000000800000000)
  region size 2048K, 81 young (165888K), 3 survivors (6144K)
 Metaspace       used 49712K, committed 50240K, reserved 1114112K
  class space    used 5947K, committed 6208K, reserved 1048576K
}
Event: 10.867 GC heap after
{Heap after GC invocations=24 (full 0):
 garbage-first heap   total 331776K, used 72467K [0x000000070a600000, 0x0000000800000000)
  region size 2048K, 3 young (6144K), 3 survivors (6144K)
 Metaspace       used 49712K, committed 50240K, reserved 1114112K
  class space    used 5947K, committed 6208K, reserved 1048576K
}
Event: 12.050 GC heap before
{Heap before GC invocations=24 (full 0):
 garbage-first heap   total 331776K, used 264979K [0x000000070a600000, 0x0000000800000000)
  region size 2048K, 97 young (198656K), 3 survivors (6144K)
 Metaspace       used 54555K, committed 55040K, reserved 1114112K
  class space    used 6719K, committed 6912K, reserved 1048576K
}
Event: 12.055 GC heap after
{Heap after GC invocations=25 (full 0):
 garbage-first heap   total 331776K, used 74125K [0x000000070a600000, 0x0000000800000000)
  region size 2048K, 4 young (8192K), 4 survivors (8192K)
 Metaspace       used 54555K, committed 55040K, reserved 1114112K
  class space    used 6719K, committed 6912K, reserved 1048576K
}
Event: 12.789 GC heap before
{Heap before GC invocations=25 (full 0):
 garbage-first heap   total 331776K, used 240013K [0x000000070a600000, 0x0000000800000000)
  region size 2048K, 75 young (153600K), 4 survivors (8192K)
 Metaspace       used 59742K, committed 60288K, reserved 1114112K
  class space    used 7360K, committed 7616K, reserved 1048576K
}
Event: 12.794 GC heap after
{Heap after GC invocations=26 (full 0):
 garbage-first heap   total 331776K, used 86433K [0x000000070a600000, 0x0000000800000000)
  region size 2048K, 5 young (10240K), 5 survivors (10240K)
 Metaspace       used 59742K, committed 60288K, reserved 1114112K
  class space    used 7360K, committed 7616K, reserved 1048576K
}
Event: 13.291 GC heap before
{Heap before GC invocations=27 (full 0):
 garbage-first heap   total 331776K, used 276897K [0x000000070a600000, 0x0000000800000000)
  region size 2048K, 97 young (198656K), 5 survivors (10240K)
 Metaspace       used 63360K, committed 63936K, reserved 1114112K
  class space    used 7821K, committed 8064K, reserved 1048576K
}
Event: 13.297 GC heap after
{Heap after GC invocations=28 (full 0):
 garbage-first heap   total 331776K, used 92142K [0x000000070a600000, 0x0000000800000000)
  region size 2048K, 7 young (14336K), 7 survivors (14336K)
 Metaspace       used 63360K, committed 63936K, reserved 1114112K
  class space    used 7821K, committed 8064K, reserved 1048576K
}
Event: 13.305 GC heap before
{Heap before GC invocations=28 (full 0):
 garbage-first heap   total 331776K, used 94190K [0x000000070a600000, 0x0000000800000000)
  region size 2048K, 8 young (16384K), 7 survivors (14336K)
 Metaspace       used 63551K, committed 64128K, reserved 1114112K
  class space    used 7844K, committed 8128K, reserved 1048576K
}
Event: 13.309 GC heap after
{Heap after GC invocations=29 (full 0):
 garbage-first heap   total 331776K, used 84240K [0x000000070a600000, 0x0000000800000000)
  region size 2048K, 1 young (2048K), 1 survivors (2048K)
 Metaspace       used 63551K, committed 64128K, reserved 1114112K
  class space    used 7844K, committed 8128K, reserved 1048576K
}
Event: 13.794 GC heap before
{Heap before GC invocations=29 (full 0):
 garbage-first heap   total 331776K, used 280848K [0x000000070a600000, 0x0000000800000000)
  region size 2048K, 97 young (198656K), 1 survivors (2048K)
 Metaspace       used 67676K, committed 68224K, reserved 1114112K
  class space    used 8332K, committed 8576K, reserved 1048576K
}
Event: 13.797 GC heap after
{Heap after GC invocations=30 (full 0):
 garbage-first heap   total 331776K, used 85015K [0x000000070a600000, 0x0000000800000000)
  region size 2048K, 2 young (4096K), 2 survivors (4096K)
 Metaspace       used 67676K, committed 68224K, reserved 1114112K
  class space    used 8332K, committed 8576K, reserved 1048576K
}
Event: 14.213 GC heap before
{Heap before GC invocations=31 (full 0):
 garbage-first heap   total 331776K, used 279575K [0x000000070a600000, 0x0000000800000000)
  region size 2048K, 97 young (198656K), 2 survivors (4096K)
 Metaspace       used 67677K, committed 68224K, reserved 1114112K
  class space    used 8332K, committed 8576K, reserved 1048576K
}
Event: 14.215 GC heap after
{Heap after GC invocations=32 (full 0):
 garbage-first heap   total 331776K, used 87973K [0x000000070a600000, 0x0000000800000000)
  region size 2048K, 3 young (6144K), 3 survivors (6144K)
 Metaspace       used 67677K, committed 68224K, reserved 1114112K
  class space    used 8332K, committed 8576K, reserved 1048576K
}
Event: 14.232 GC heap before
{Heap before GC invocations=32 (full 0):
 garbage-first heap   total 331776K, used 98213K [0x000000070a600000, 0x0000000800000000)
  region size 2048K, 8 young (16384K), 3 survivors (6144K)
 Metaspace       used 67677K, committed 68224K, reserved 1114112K
  class space    used 8332K, committed 8576K, reserved 1048576K
}
Event: 14.234 GC heap after
{Heap after GC invocations=33 (full 0):
 garbage-first heap   total 331776K, used 84091K [0x000000070a600000, 0x0000000800000000)
  region size 2048K, 1 young (2048K), 1 survivors (2048K)
 Metaspace       used 67677K, committed 68224K, reserved 1114112K
  class space    used 8332K, committed 8576K, reserved 1048576K
}
Event: 14.573 GC heap before
{Heap before GC invocations=33 (full 0):
 garbage-first heap   total 331776K, used 280699K [0x000000070a600000, 0x0000000800000000)
  region size 2048K, 97 young (198656K), 1 survivors (2048K)
 Metaspace       used 69749K, committed 70336K, reserved 1114112K
  class space    used 8621K, committed 8896K, reserved 1048576K
}
Event: 14.575 GC heap after
{Heap after GC invocations=34 (full 0):
 garbage-first heap   total 331776K, used 92403K [0x000000070a600000, 0x0000000800000000)
  region size 2048K, 6 young (12288K), 6 survivors (12288K)
 Metaspace       used 69749K, committed 70336K, reserved 1114112K
  class space    used 8621K, committed 8896K, reserved 1048576K
}
Event: 14.866 GC heap before
{Heap before GC invocations=34 (full 0):
 garbage-first heap   total 331776K, used 274675K [0x000000070a600000, 0x0000000800000000)
  region size 2048K, 95 young (194560K), 6 survivors (12288K)
 Metaspace       used 71037K, committed 71616K, reserved 1114112K
  class space    used 8770K, committed 9024K, reserved 1048576K
}
Event: 14.867 GC heap after
{Heap after GC invocations=35 (full 0):
 garbage-first heap   total 331776K, used 84461K [0x000000070a600000, 0x0000000800000000)
  region size 2048K, 2 young (4096K), 2 survivors (4096K)
 Metaspace       used 71037K, committed 71616K, reserved 1114112K
  class space    used 8770K, committed 9024K, reserved 1048576K
}

