# JRE version: OpenJDK Runtime Environment Temurin-17.0.7+7 (17.0.7+7) (build 17.0.7+7)
# Java VM: OpenJDK 64-Bit Server VM Temurin-17.0.7+7 (17.0.7+7, mixed mode, tiered, compressed oops, compressed class ptrs, g1 gc, windows-amd64)
GC Precious Log:
 CPUs: 12 total, 12 available
 Memory: 15712M
 Large Page Support: Disabled
 NUMA Support: Disabled
 Compressed Oops: Enabled (Zero based)
 Heap Region Size: 2M
 Heap Min Capacity: 8M
 Heap Initial Capacity: 246M
 Heap Max Capacity: 3930M
 Pre-touch: Disabled
 Parallel Workers: 10
 Concurrent Workers: 3
 Concurrent Refinement Workers: 10
 Periodic GC: Disabled
Heap:
 garbage-first heap   total 274432K, used 213334K [0x000000070a600000, 0x0000000800000000)
  region size 2048K, 71 young (145408K), 4 survivors (8192K)
 Metaspace       used 79257K, committed 79808K, reserved 1179648K
  class space    used 9831K, committed 10112K, reserved 1048576K
GC Heap History (20 events):
Event: 10.217 GC heap before
{Heap before GC invocations=24 (full 0):
 garbage-first heap   total 262144K, used 222544K [0x000000070a600000, 0x0000000800000000)
  region size 2048K, 76 young (155648K), 2 survivors (4096K)
 Metaspace       used 49609K, committed 50112K, reserved 1114112K
  class space    used 5950K, committed 6208K, reserved 1048576K
}
Event: 10.221 GC heap after
{Heap after GC invocations=25 (full 0):
 garbage-first heap   total 262144K, used 72398K [0x000000070a600000, 0x0000000800000000)
  region size 2048K, 3 young (6144K), 3 survivors (6144K)
 Metaspace       used 49609K, committed 50112K, reserved 1114112K
  class space    used 5950K, committed 6208K, reserved 1048576K
}
Event: 11.192 GC heap before
{Heap before GC invocations=25 (full 0):
 garbage-first heap   total 262144K, used 221902K [0x000000070a600000, 0x0000000800000000)
  region size 2048K, 76 young (155648K), 3 survivors (6144K)
 Metaspace       used 55669K, committed 56192K, reserved 1114112K
  class space    used 6900K, committed 7168K, reserved 1048576K
}
Event: 11.196 GC heap after
{Heap after GC invocations=26 (full 0):
 garbage-first heap   total 262144K, used 74995K [0x000000070a600000, 0x0000000800000000)
  region size 2048K, 4 young (8192K), 4 survivors (8192K)
 Metaspace       used 55669K, committed 56192K, reserved 1114112K
  class space    used 6900K, committed 7168K, reserved 1048576K
}
Event: 11.691 GC heap before
{Heap before GC invocations=26 (full 0):
 garbage-first heap   total 262144K, used 244979K [0x000000070a600000, 0x0000000800000000)
  region size 2048K, 76 young (155648K), 4 survivors (8192K)
 Metaspace       used 55675K, committed 56192K, reserved 1114112K
  class space    used 6900K, committed 7168K, reserved 1048576K
}
Event: 11.695 GC heap after
{Heap after GC invocations=27 (full 0):
 garbage-first heap   total 262144K, used 87443K [0x000000070a600000, 0x0000000800000000)
  region size 2048K, 5 young (10240K), 5 survivors (10240K)
 Metaspace       used 55675K, committed 56192K, reserved 1114112K
  class space    used 6900K, committed 7168K, reserved 1048576K
}
Event: 12.012 GC heap before
{Heap before GC invocations=27 (full 0):
 garbage-first heap   total 262144K, used 224659K [0x000000070a600000, 0x0000000800000000)
  region size 2048K, 72 young (147456K), 5 survivors (10240K)
 Metaspace       used 55675K, committed 56192K, reserved 1114112K
  class space    used 6900K, committed 7168K, reserved 1048576K
}
Event: 12.015 GC heap after
{Heap after GC invocations=28 (full 0):
 garbage-first heap   total 262144K, used 86442K [0x000000070a600000, 0x0000000800000000)
  region size 2048K, 5 young (10240K), 5 survivors (10240K)
 Metaspace       used 55675K, committed 56192K, reserved 1114112K
  class space    used 6900K, committed 7168K, reserved 1048576K
}
Event: 12.289 GC heap before
{Heap before GC invocations=28 (full 0):
 garbage-first heap   total 262144K, used 223658K [0x000000070a600000, 0x0000000800000000)
  region size 2048K, 72 young (147456K), 5 survivors (10240K)
 Metaspace       used 55678K, committed 56192K, reserved 1114112K
  class space    used 6900K, committed 7168K, reserved 1048576K
}
Event: 12.291 GC heap after
{Heap after GC invocations=29 (full 0):
 garbage-first heap   total 262144K, used 85637K [0x000000070a600000, 0x0000000800000000)
  region size 2048K, 4 young (8192K), 4 survivors (8192K)
 Metaspace       used 55678K, committed 56192K, reserved 1114112K
  class space    used 6900K, committed 7168K, reserved 1048576K
}
Event: 12.600 GC heap before
{Heap before GC invocations=29 (full 0):
 garbage-first heap   total 262144K, used 226949K [0x000000070a600000, 0x0000000800000000)
  region size 2048K, 73 young (149504K), 4 survivors (8192K)
 Metaspace       used 55678K, committed 56192K, reserved 1114112K
  class space    used 6900K, committed 7168K, reserved 1048576K
}
Event: 12.603 GC heap after
{Heap after GC invocations=30 (full 0):
 garbage-first heap   total 262144K, used 87028K [0x000000070a600000, 0x0000000800000000)
  region size 2048K, 5 young (10240K), 5 survivors (10240K)
 Metaspace       used 55678K, committed 56192K, reserved 1114112K
  class space    used 6900K, committed 7168K, reserved 1048576K
}
Event: 12.898 GC heap before
{Heap before GC invocations=30 (full 0):
 garbage-first heap   total 262144K, used 224244K [0x000000070a600000, 0x0000000800000000)
  region size 2048K, 72 young (147456K), 5 survivors (10240K)
 Metaspace       used 55679K, committed 56192K, reserved 1114112K
  class space    used 6900K, committed 7168K, reserved 1048576K
}
Event: 12.901 GC heap after
{Heap after GC invocations=31 (full 0):
 garbage-first heap   total 262144K, used 86998K [0x000000070a600000, 0x0000000800000000)
  region size 2048K, 5 young (10240K), 5 survivors (10240K)
 Metaspace       used 55679K, committed 56192K, reserved 1114112K
  class space    used 6900K, committed 7168K, reserved 1048576K
}
Event: 13.142 GC heap before
{Heap before GC invocations=31 (full 0):
 garbage-first heap   total 262144K, used 224214K [0x000000070a600000, 0x0000000800000000)
  region size 2048K, 72 young (147456K), 5 survivors (10240K)
 Metaspace       used 55681K, committed 56192K, reserved 1114112K
  class space    used 6900K, committed 7168K, reserved 1048576K
}
Event: 13.146 GC heap after
{Heap after GC invocations=32 (full 0):
 garbage-first heap   total 315392K, used 91160K [0x000000070a600000, 0x0000000800000000)
  region size 2048K, 7 young (14336K), 7 survivors (14336K)
 Metaspace       used 55681K, committed 56192K, reserved 1114112K
  class space    used 6900K, committed 7168K, reserved 1048576K
}
Event: 13.467 GC heap before
{Heap before GC invocations=32 (full 0):
 garbage-first heap   total 315392K, used 265240K [0x000000070a600000, 0x0000000800000000)
  region size 2048K, 92 young (188416K), 7 survivors (14336K)
 Metaspace       used 55681K, committed 56192K, reserved 1114112K
  class space    used 6900K, committed 7168K, reserved 1048576K
}
Event: 13.470 GC heap after
{Heap after GC invocations=33 (full 0):
 garbage-first heap   total 315392K, used 87109K [0x000000070a600000, 0x0000000800000000)
  region size 2048K, 4 young (8192K), 4 survivors (8192K)
 Metaspace       used 55681K, committed 56192K, reserved 1114112K
  class space    used 6900K, committed 7168K, reserved 1048576K
}
Event: 141.597 GC heap before
{Heap before GC invocations=33 (full 0):
 garbage-first heap   total 315392K, used 148549K [0x000000070a600000, 0x0000000800000000)
  region size 2048K, 34 young (69632K), 4 survivors (8192K)
 Metaspace       used 59921K, committed 60416K, reserved 1114112K
  class space    used 7394K, committed 7616K, reserved 1048576K
}
Event: 141.601 GC heap after
{Heap after GC invocations=34 (full 0):
 garbage-first heap   total 315392K, used 78166K [0x000000070a600000, 0x0000000800000000)
  region size 2048K, 4 young (8192K), 4 survivors (8192K)
 Metaspace       used 59921K, committed 60416K, reserved 1114112K
  class space    used 7394K, committed 7616K, reserved 1048576K
}

